GET 'Mon Jul 01 2019 16:23:06 GMT-0300 (-03)' anônimo anônimo '{}' / 200 467 14.596 ms
GET 'Mon Jul 01 2019 16:23:07 GMT-0300 (-03)' anônimo anônimo '{}' /redoc.min.js 200 1062488 7.457 ms
GET 'Mon Jul 01 2019 16:23:07 GMT-0300 (-03)' anônimo anônimo '{}' /swagger.yaml 200 57311 8.850 ms
GET 'Mon Jul 01 2019 16:23:12 GMT-0300 (-03)' anônimo anônimo '{}' /favicon.ico 404 150 5.729 ms
GET 'Mon Jul 01 2019 16:23:17 GMT-0300 (-03)' anônimo anônimo '{}' /docs 301 167 4.860 ms
GET 'Mon Jul 01 2019 16:23:17 GMT-0300 (-03)' anônimo anônimo '{}' /docs/ 200 5332 6.768 ms
GET 'Mon Jul 01 2019 16:23:17 GMT-0300 (-03)' anônimo anônimo '{}' /docs/css/typography.css 200 450 11.184 ms
GET 'Mon Jul 01 2019 16:23:17 GMT-0300 (-03)' anônimo anônimo '{}' /docs/css/reset.css 200 1066 16.578 ms
GET 'Mon Jul 01 2019 16:23:17 GMT-0300 (-03)' anônimo anônimo '{}' /docs/css/screen.css 200 44773 10.204 ms
GET 'Mon Jul 01 2019 16:23:17 GMT-0300 (-03)' anônimo anônimo '{}' /docs/lib/jquery.slideto.min.js 200 369 8.900 ms
GET 'Mon Jul 01 2019 16:23:17 GMT-0300 (-03)' anônimo anônimo '{}' /docs/lib/jquery.wiggle.min.js 200 762 10.346 ms
GET 'Mon Jul 01 2019 16:23:17 GMT-0300 (-03)' anônimo anônimo '{}' /docs/lib/jquery-1.8.0.min.js 200 92555 13.439 ms
GET 'Mon Jul 01 2019 16:23:17 GMT-0300 (-03)' anônimo anônimo '{}' /docs/lib/jquery.ba-bbq.min.js 200 4119 7.228 ms
GET 'Mon Jul 01 2019 16:23:17 GMT-0300 (-03)' anônimo anônimo '{}' /docs/lib/handlebars-2.0.0.js 200 48517 3.974 ms
GET 'Mon Jul 01 2019 16:23:17 GMT-0300 (-03)' anônimo anônimo '{}' /docs/lib/js-yaml.min.js 200 43621 4.058 ms
GET 'Mon Jul 01 2019 16:23:17 GMT-0300 (-03)' anônimo anônimo '{}' /docs/lib/lodash.min.js 200 52646 4.893 ms
GET 'Mon Jul 01 2019 16:23:17 GMT-0300 (-03)' anônimo anônimo '{}' /docs/lib/backbone-min.js 200 20390 7.853 ms
GET 'Mon Jul 01 2019 16:23:17 GMT-0300 (-03)' anônimo anônimo '{}' /docs/lib/highlight.7.3.pack.js 200 7499 10.417 ms
GET 'Mon Jul 01 2019 16:23:17 GMT-0300 (-03)' anônimo anônimo '{}' /docs/lib/marked.js 200 28156 10.182 ms
GET 'Mon Jul 01 2019 16:23:17 GMT-0300 (-03)' anônimo anônimo '{}' /docs/lib/swagger-oauth.js 200 11185 8.344 ms
GET 'Mon Jul 01 2019 16:23:17 GMT-0300 (-03)' anônimo anônimo '{}' /docs/css/print.css 200 42587 4.849 ms
GET 'Mon Jul 01 2019 16:23:17 GMT-0300 (-03)' anônimo anônimo '{}' /docs/lib/jsoneditor.min.js 200 130042 10.475 ms
GET 'Mon Jul 01 2019 16:23:18 GMT-0300 (-03)' anônimo anônimo '{}' /docs/swagger-ui.js 200 2268334 6.161 ms
GET 'Mon Jul 01 2019 16:23:18 GMT-0300 (-03)' anônimo anônimo '{}' /docs/images/logo_small.png 200 770 9.471 ms
HEAD 'Mon Jul 01 2019 16:23:18 GMT-0300 (-03)' anônimo anônimo '{}' /docs/ 304  2.089 ms
GET 'Mon Jul 01 2019 16:23:18 GMT-0300 (-03)' anônimo anônimo '{}' /docs/fonts/DroidSans-Bold.ttf 200 42477 1.783 ms
GET 'Mon Jul 01 2019 16:23:18 GMT-0300 (-03)' anônimo anônimo '{}' /docs/fonts/DroidSans.ttf 200 190776 1.771 ms
GET 'Mon Jul 01 2019 16:23:18 GMT-0300 (-03)' anônimo anônimo '{}' /api-docs 200  0.391 ms
GET 'Mon Jul 01 2019 16:23:33 GMT-0300 (-03)' anônimo anônimo '{}' /docs/images/throbber.gif 200 9257 2.464 ms
GET 'Mon Jul 01 2019 16:30:55 GMT-0300 (-03)' anônimo anônimo '{}' /docs/ 200 5332 11.698 ms
GET 'Mon Jul 01 2019 16:30:55 GMT-0300 (-03)' anônimo anônimo '{}' /docs/css/typography.css 200 450 6.418 ms
GET 'Mon Jul 01 2019 16:30:55 GMT-0300 (-03)' anônimo anônimo '{}' /docs/css/reset.css 200 1066 20.766 ms
GET 'Mon Jul 01 2019 16:30:55 GMT-0300 (-03)' anônimo anônimo '{}' /docs/css/screen.css 200 44773 13.437 ms
GET 'Mon Jul 01 2019 16:30:55 GMT-0300 (-03)' anônimo anônimo '{}' /docs/lib/jquery.ba-bbq.min.js 200 4119 14.970 ms
GET 'Mon Jul 01 2019 16:30:55 GMT-0300 (-03)' anônimo anônimo '{}' /docs/lib/jquery.slideto.min.js 200 369 6.101 ms
GET 'Mon Jul 01 2019 16:30:55 GMT-0300 (-03)' anônimo anônimo '{}' /docs/lib/jquery.wiggle.min.js 200 762 6.304 ms
GET 'Mon Jul 01 2019 16:30:55 GMT-0300 (-03)' anônimo anônimo '{}' /docs/lib/handlebars-2.0.0.js 200 48517 13.553 ms
GET 'Mon Jul 01 2019 16:30:55 GMT-0300 (-03)' anônimo anônimo '{}' /docs/lib/js-yaml.min.js 200 43621 13.261 ms
GET 'Mon Jul 01 2019 16:30:55 GMT-0300 (-03)' anônimo anônimo '{}' /docs/lib/jquery-1.8.0.min.js 200 92555 10.871 ms
GET 'Mon Jul 01 2019 16:30:55 GMT-0300 (-03)' anônimo anônimo '{}' /docs/lib/backbone-min.js 200 20390 7.190 ms
GET 'Mon Jul 01 2019 16:30:55 GMT-0300 (-03)' anônimo anônimo '{}' /docs/lib/highlight.7.3.pack.js 200 7499 9.099 ms
GET 'Mon Jul 01 2019 16:30:55 GMT-0300 (-03)' anônimo anônimo '{}' /docs/lib/lodash.min.js 200 52646 7.560 ms
GET 'Mon Jul 01 2019 16:30:55 GMT-0300 (-03)' anônimo anônimo '{}' /docs/lib/marked.js 200 28156 7.921 ms
GET 'Mon Jul 01 2019 16:30:55 GMT-0300 (-03)' anônimo anônimo '{}' /docs/lib/jsoneditor.min.js 200 130042 7.618 ms
GET 'Mon Jul 01 2019 16:30:55 GMT-0300 (-03)' anônimo anônimo '{}' /docs/css/print.css 200 42587 2.578 ms
GET 'Mon Jul 01 2019 16:30:55 GMT-0300 (-03)' anônimo anônimo '{}' /docs/lib/swagger-oauth.js 200 11185 6.673 ms
GET 'Mon Jul 01 2019 16:30:55 GMT-0300 (-03)' anônimo anônimo '{}' /docs/swagger-ui.js 200 2268334 5.521 ms
GET 'Mon Jul 01 2019 16:30:55 GMT-0300 (-03)' anônimo anônimo '{}' /docs/images/logo_small.png 200 770 3.564 ms
GET 'Mon Jul 01 2019 16:30:55 GMT-0300 (-03)' anônimo anônimo '{}' /docs/fonts/DroidSans-Bold.ttf 200 42477 1.940 ms
GET 'Mon Jul 01 2019 16:30:55 GMT-0300 (-03)' anônimo anônimo '{}' /docs/fonts/DroidSans.ttf 200 190776 2.222 ms
HEAD 'Mon Jul 01 2019 16:30:55 GMT-0300 (-03)' anônimo anônimo '{}' /docs/ 200 5332 0.665 ms
GET 'Mon Jul 01 2019 16:30:55 GMT-0300 (-03)' anônimo anônimo '{}' /api-docs 200  0.259 ms
GET 'Mon Jul 01 2019 16:30:56 GMT-0300 (-03)' anônimo anônimo '{}' /docs/images/favicon-32x32.png 200 1654 3.336 ms
GET 'Mon Jul 01 2019 16:30:56 GMT-0300 (-03)' anônimo anônimo '{}' /docs/images/throbber.gif 304  1.255 ms
GET 'Mon Jul 01 2019 16:31:09 GMT-0300 (-03)' anônimo anônimo '{}' /api/indicador/MOR4310/resultset?tipo=BR&formato=JSON 200 834 308.485 ms
GET 'Mon Jul 01 2019 16:39:13 GMT-0300 (-03)' anônimo anônimo '{}' /docs/ 304  7.166 ms
GET 'Mon Jul 01 2019 16:39:13 GMT-0300 (-03)' anônimo anônimo '{}' /docs/css/typography.css 304  4.034 ms
GET 'Mon Jul 01 2019 16:39:13 GMT-0300 (-03)' anônimo anônimo '{}' /docs/css/reset.css 304  3.310 ms
GET 'Mon Jul 01 2019 16:39:13 GMT-0300 (-03)' anônimo anônimo '{}' /docs/css/screen.css 304  1.286 ms
GET 'Mon Jul 01 2019 16:39:13 GMT-0300 (-03)' anônimo anônimo '{}' /docs/lib/jquery-1.8.0.min.js 304  1.462 ms
GET 'Mon Jul 01 2019 16:39:13 GMT-0300 (-03)' anônimo anônimo '{}' /docs/lib/jquery.slideto.min.js 304  1.238 ms
GET 'Mon Jul 01 2019 16:39:13 GMT-0300 (-03)' anônimo anônimo '{}' /docs/lib/jquery.ba-bbq.min.js 304  1.240 ms
GET 'Mon Jul 01 2019 16:39:13 GMT-0300 (-03)' anônimo anônimo '{}' /docs/lib/jquery.wiggle.min.js 304  1.121 ms
GET 'Mon Jul 01 2019 16:39:13 GMT-0300 (-03)' anônimo anônimo '{}' /docs/lib/handlebars-2.0.0.js 304  1.345 ms
GET 'Mon Jul 01 2019 16:39:13 GMT-0300 (-03)' anônimo anônimo '{}' /docs/lib/js-yaml.min.js 304  1.116 ms
GET 'Mon Jul 01 2019 16:39:13 GMT-0300 (-03)' anônimo anônimo '{}' /docs/lib/lodash.min.js 304  0.684 ms
GET 'Mon Jul 01 2019 16:39:13 GMT-0300 (-03)' anônimo anônimo '{}' /docs/lib/backbone-min.js 304  0.609 ms
GET 'Mon Jul 01 2019 16:39:13 GMT-0300 (-03)' anônimo anônimo '{}' /docs/swagger-ui.js 304  0.569 ms
GET 'Mon Jul 01 2019 16:39:13 GMT-0300 (-03)' anônimo anônimo '{}' /docs/lib/highlight.7.3.pack.js 304  1.466 ms
GET 'Mon Jul 01 2019 16:39:13 GMT-0300 (-03)' anônimo anônimo '{}' /docs/lib/jsoneditor.min.js 304  1.570 ms
GET 'Mon Jul 01 2019 16:39:13 GMT-0300 (-03)' anônimo anônimo '{}' /docs/lib/marked.js 304  1.237 ms
GET 'Mon Jul 01 2019 16:39:13 GMT-0300 (-03)' anônimo anônimo '{}' /docs/lib/swagger-oauth.js 304  1.054 ms
GET 'Mon Jul 01 2019 16:39:13 GMT-0300 (-03)' anônimo anônimo '{}' /docs/css/print.css 304  1.154 ms
GET 'Mon Jul 01 2019 16:39:14 GMT-0300 (-03)' anônimo anônimo '{}' /docs/images/logo_small.png 304  0.494 ms
HEAD 'Mon Jul 01 2019 16:39:14 GMT-0300 (-03)' anônimo anônimo '{}' /docs/ 304  0.706 ms
GET 'Mon Jul 01 2019 16:39:14 GMT-0300 (-03)' anônimo anônimo '{}' /docs/fonts/DroidSans-Bold.ttf 304  1.582 ms
GET 'Mon Jul 01 2019 16:39:14 GMT-0300 (-03)' anônimo anônimo '{}' /docs/fonts/DroidSans.ttf 304  1.565 ms
GET 'Mon Jul 01 2019 16:39:14 GMT-0300 (-03)' anônimo anônimo '{}' /api-docs 200  0.568 ms
GET 'Mon Jul 01 2019 16:39:15 GMT-0300 (-03)' anônimo anônimo '{}' /docs/images/favicon-32x32.png 200 1654 3.621 ms
GET 'Mon Jul 01 2019 16:39:17 GMT-0300 (-03)' anônimo anônimo '{}' /docs/images/throbber.gif 304  0.553 ms
GET 'Mon Jul 01 2019 16:39:33 GMT-0300 (-03)' anônimo anônimo '{}' /api/indicador/MOR4310/resultset?tipo=BR&formato=JSON 304  292.428 ms
GET 'Mon Jul 01 2019 16:39:55 GMT-0300 (-03)' anônimo anônimo '{}' /api/indicador/MOR4310/resultset?tipo=BR&formato=JSON 304  202.724 ms
GET 'Mon Jul 01 2019 16:45:45 GMT-0300 (-03)' anônimo anônimo '{}' /api/indicador/MOR4310/resultset?tipo=BR&formato=JSON 304  304.977 ms
GET 'Mon Jul 01 2019 16:45:55 GMT-0300 (-03)' anônimo anônimo '{}' /api/indicador/MOR4310/resultset?tipo=BR&formato=CSV 500 542 179.430 ms
GET 'Mon Jul 01 2019 16:45:59 GMT-0300 (-03)' anônimo anônimo '{}' /api/indicador/MOR4310/resultset?tipo=BR&formato=CSV 500 542 161.226 ms
GET 'Mon Jul 01 2019 16:46:00 GMT-0300 (-03)' anônimo anônimo '{}' /api/indicador/MOR4310/resultset?tipo=BR&formato=CSV 500 542 169.394 ms
GET 'Mon Jul 01 2019 16:46:03 GMT-0300 (-03)' anônimo anônimo '{}' /api/indicador/MOR4310/resultset?tipo=BR&formato=CSV 500 542 157.189 ms
GET 'Mon Jul 01 2019 16:46:09 GMT-0300 (-03)' anônimo anônimo '{}' /api/indicador/MOR4310/resultset?tipo=BR&formato=CSV 500 542 167.608 ms
GET 'Mon Jul 01 2019 16:46:23 GMT-0300 (-03)' anônimo anônimo '{}' /docs/ 304  12.714 ms
GET 'Mon Jul 01 2019 16:46:23 GMT-0300 (-03)' anônimo anônimo '{}' /docs/css/typography.css 304  39.008 ms
GET 'Mon Jul 01 2019 16:46:23 GMT-0300 (-03)' anônimo anônimo '{}' /docs/css/reset.css 304  12.386 ms
GET 'Mon Jul 01 2019 16:46:23 GMT-0300 (-03)' anônimo anônimo '{}' /docs/lib/jquery.ba-bbq.min.js 304  2.784 ms
GET 'Mon Jul 01 2019 16:46:23 GMT-0300 (-03)' anônimo anônimo '{}' /docs/lib/handlebars-2.0.0.js 304  5.500 ms
GET 'Mon Jul 01 2019 16:46:23 GMT-0300 (-03)' anônimo anônimo '{}' /docs/css/screen.css 304  10.785 ms
GET 'Mon Jul 01 2019 16:46:23 GMT-0300 (-03)' anônimo anônimo '{}' /docs/lib/jquery-1.8.0.min.js 304  3.572 ms
GET 'Mon Jul 01 2019 16:46:23 GMT-0300 (-03)' anônimo anônimo '{}' /docs/lib/js-yaml.min.js 304  3.623 ms
GET 'Mon Jul 01 2019 16:46:23 GMT-0300 (-03)' anônimo anônimo '{}' /docs/lib/lodash.min.js 304  5.095 ms
GET 'Mon Jul 01 2019 16:46:23 GMT-0300 (-03)' anônimo anônimo '{}' /docs/lib/backbone-min.js 304  6.872 ms
GET 'Mon Jul 01 2019 16:46:23 GMT-0300 (-03)' anônimo anônimo '{}' /docs/lib/jquery.slideto.min.js 304  5.903 ms
GET 'Mon Jul 01 2019 16:46:23 GMT-0300 (-03)' anônimo anônimo '{}' /docs/swagger-ui.js 304  2.410 ms
GET 'Mon Jul 01 2019 16:46:23 GMT-0300 (-03)' anônimo anônimo '{}' /docs/lib/jquery.wiggle.min.js 304  2.875 ms
GET 'Mon Jul 01 2019 16:46:23 GMT-0300 (-03)' anônimo anônimo '{}' /docs/lib/highlight.7.3.pack.js 304  3.477 ms
GET 'Mon Jul 01 2019 16:46:23 GMT-0300 (-03)' anônimo anônimo '{}' /docs/lib/jsoneditor.min.js 304  2.360 ms
GET 'Mon Jul 01 2019 16:46:23 GMT-0300 (-03)' anônimo anônimo '{}' /docs/lib/marked.js 304  1.820 ms
GET 'Mon Jul 01 2019 16:46:23 GMT-0300 (-03)' anônimo anônimo '{}' /docs/lib/swagger-oauth.js 304  1.861 ms
GET 'Mon Jul 01 2019 16:46:23 GMT-0300 (-03)' anônimo anônimo '{}' /docs/css/print.css 304  0.685 ms
GET 'Mon Jul 01 2019 16:46:23 GMT-0300 (-03)' anônimo anônimo '{}' /docs/images/logo_small.png 304  0.633 ms
GET 'Mon Jul 01 2019 16:46:23 GMT-0300 (-03)' anônimo anônimo '{}' /docs/fonts/DroidSans.ttf 304  0.424 ms
HEAD 'Mon Jul 01 2019 16:46:23 GMT-0300 (-03)' anônimo anônimo '{}' /docs/ 304  0.630 ms
GET 'Mon Jul 01 2019 16:46:23 GMT-0300 (-03)' anônimo anônimo '{}' /docs/fonts/DroidSans-Bold.ttf 304  0.826 ms
GET 'Mon Jul 01 2019 16:46:23 GMT-0300 (-03)' anônimo anônimo '{}' /api-docs 200  0.685 ms
GET 'Mon Jul 01 2019 16:46:24 GMT-0300 (-03)' anônimo anônimo '{}' /docs/images/favicon-32x32.png 200 1654 4.182 ms
GET 'Mon Jul 01 2019 16:46:24 GMT-0300 (-03)' anônimo anônimo '{}' /docs/images/throbber.gif 304  0.381 ms
GET 'Mon Jul 01 2019 16:46:39 GMT-0300 (-03)' anônimo anônimo '{}' /api/indicador/MOR4310/resultset?tipo=BR&formato=CSV 500 542 282.740 ms
GET 'Mon Jul 01 2019 16:46:44 GMT-0300 (-03)' anônimo anônimo '{}' /api/indicador/MOR4310/resultset?tipo=BR&formato=CSV 500 542 164.284 ms
GET 'Mon Jul 01 2019 16:46:44 GMT-0300 (-03)' anônimo anônimo '{}' /api/indicador/MOR4310/resultset?tipo=BR&formato=CSV 500 542 116.886 ms
GET 'Mon Jul 01 2019 16:47:02 GMT-0300 (-03)' anônimo anônimo '{}' /api/indicador/MOR4310/resultset?tipo=BR&formato=CSV 500 542 194.217 ms
GET 'Mon Jul 01 2019 16:47:43 GMT-0300 (-03)' anônimo anônimo '{}' /api/indicador/MOR4310/resultset?tipo=BR&formato=CSV 500 542 302.452 ms
GET 'Mon Jul 01 2019 16:47:47 GMT-0300 (-03)' anônimo anônimo '{}' /docs/ 304  3.025 ms
GET 'Mon Jul 01 2019 16:47:47 GMT-0300 (-03)' anônimo anônimo '{}' /docs/css/typography.css 304  2.540 ms
GET 'Mon Jul 01 2019 16:47:47 GMT-0300 (-03)' anônimo anônimo '{}' /docs/css/reset.css 304  4.316 ms
GET 'Mon Jul 01 2019 16:47:47 GMT-0300 (-03)' anônimo anônimo '{}' /docs/css/screen.css 304  1.593 ms
GET 'Mon Jul 01 2019 16:47:47 GMT-0300 (-03)' anônimo anônimo '{}' /docs/lib/jquery-1.8.0.min.js 304  8.870 ms
GET 'Mon Jul 01 2019 16:47:47 GMT-0300 (-03)' anônimo anônimo '{}' /docs/lib/jquery.slideto.min.js 304  4.795 ms
GET 'Mon Jul 01 2019 16:47:47 GMT-0300 (-03)' anônimo anônimo '{}' /docs/lib/jquery.wiggle.min.js 304  3.630 ms
GET 'Mon Jul 01 2019 16:47:47 GMT-0300 (-03)' anônimo anônimo '{}' /docs/lib/jquery.ba-bbq.min.js 304  3.651 ms
GET 'Mon Jul 01 2019 16:47:47 GMT-0300 (-03)' anônimo anônimo '{}' /docs/lib/handlebars-2.0.0.js 304  2.320 ms
GET 'Mon Jul 01 2019 16:47:47 GMT-0300 (-03)' anônimo anônimo '{}' /docs/lib/js-yaml.min.js 304  2.578 ms
GET 'Mon Jul 01 2019 16:47:47 GMT-0300 (-03)' anônimo anônimo '{}' /docs/lib/lodash.min.js 304  8.300 ms
GET 'Mon Jul 01 2019 16:47:47 GMT-0300 (-03)' anônimo anônimo '{}' /docs/lib/backbone-min.js 304  7.792 ms
GET 'Mon Jul 01 2019 16:47:47 GMT-0300 (-03)' anônimo anônimo '{}' /docs/swagger-ui.js 304  7.748 ms
GET 'Mon Jul 01 2019 16:47:47 GMT-0300 (-03)' anônimo anônimo '{}' /docs/lib/highlight.7.3.pack.js 304  7.835 ms
GET 'Mon Jul 01 2019 16:47:47 GMT-0300 (-03)' anônimo anônimo '{}' /docs/lib/jsoneditor.min.js 304  7.092 ms
GET 'Mon Jul 01 2019 16:47:47 GMT-0300 (-03)' anônimo anônimo '{}' /docs/lib/marked.js 304  5.796 ms
GET 'Mon Jul 01 2019 16:47:47 GMT-0300 (-03)' anônimo anônimo '{}' /docs/lib/swagger-oauth.js 304  2.675 ms
GET 'Mon Jul 01 2019 16:47:47 GMT-0300 (-03)' anônimo anônimo '{}' /docs/css/print.css 304  0.702 ms
GET 'Mon Jul 01 2019 16:47:48 GMT-0300 (-03)' anônimo anônimo '{}' /docs/images/logo_small.png 304  0.567 ms
GET 'Mon Jul 01 2019 16:47:48 GMT-0300 (-03)' anônimo anônimo '{}' /docs/fonts/DroidSans.ttf 304  0.703 ms
HEAD 'Mon Jul 01 2019 16:47:48 GMT-0300 (-03)' anônimo anônimo '{}' /docs/ 304  1.085 ms
GET 'Mon Jul 01 2019 16:47:48 GMT-0300 (-03)' anônimo anônimo '{}' /docs/fonts/DroidSans-Bold.ttf 304  0.680 ms
GET 'Mon Jul 01 2019 16:47:48 GMT-0300 (-03)' anônimo anônimo '{}' /api-docs 200  0.364 ms
GET 'Mon Jul 01 2019 16:47:49 GMT-0300 (-03)' anônimo anônimo '{}' /docs/images/favicon-32x32.png 200 1654 3.451 ms
GET 'Mon Jul 01 2019 16:47:49 GMT-0300 (-03)' anônimo anônimo '{}' /docs/images/throbber.gif 304  0.392 ms
GET 'Mon Jul 01 2019 16:48:02 GMT-0300 (-03)' anônimo anônimo '{}' /api/indicador/MOR4310/resultset?tipo=BR&formato=CSV 500 542 196.660 ms
GET 'Mon Jul 01 2019 16:48:08 GMT-0300 (-03)' anônimo anônimo '{}' /api/indicador/MOR4310/resultset?tipo=BR&formato=CSV 500 542 177.468 ms
GET 'Mon Jul 01 2019 16:48:09 GMT-0300 (-03)' anônimo anônimo '{}' /api/indicador/MOR4310/resultset?tipo=BR&formato=CSV 500 542 139.039 ms
GET 'Mon Jul 01 2019 16:48:32 GMT-0300 (-03)' anônimo anônimo '{}' /api/indicador/MOR4310/resultset?tipo=BR&formato=CSV 500 542 308.301 ms
GET 'Mon Jul 01 2019 16:48:34 GMT-0300 (-03)' anônimo anônimo '{}' /docs/ 200 5332 8.106 ms
GET 'Mon Jul 01 2019 16:48:34 GMT-0300 (-03)' anônimo anônimo '{}' /docs/css/reset.css 200 1066 6.485 ms
GET 'Mon Jul 01 2019 16:48:34 GMT-0300 (-03)' anônimo anônimo '{}' /docs/css/typography.css 200 450 9.547 ms
GET 'Mon Jul 01 2019 16:48:34 GMT-0300 (-03)' anônimo anônimo '{}' /docs/css/screen.css 200 44773 15.348 ms
GET 'Mon Jul 01 2019 16:48:34 GMT-0300 (-03)' anônimo anônimo '{}' /docs/lib/handlebars-2.0.0.js 200 48517 9.155 ms
GET 'Mon Jul 01 2019 16:48:34 GMT-0300 (-03)' anônimo anônimo '{}' /docs/lib/jquery.ba-bbq.min.js 200 4119 12.201 ms
GET 'Mon Jul 01 2019 16:48:34 GMT-0300 (-03)' anônimo anônimo '{}' /docs/lib/jquery.slideto.min.js 200 369 9.957 ms
GET 'Mon Jul 01 2019 16:48:34 GMT-0300 (-03)' anônimo anônimo '{}' /docs/lib/jquery.wiggle.min.js 200 762 8.138 ms
GET 'Mon Jul 01 2019 16:48:34 GMT-0300 (-03)' anônimo anônimo '{}' /docs/lib/js-yaml.min.js 200 43621 7.920 ms
GET 'Mon Jul 01 2019 16:48:34 GMT-0300 (-03)' anônimo anônimo '{}' /docs/lib/jquery-1.8.0.min.js 200 92555 11.781 ms
GET 'Mon Jul 01 2019 16:48:34 GMT-0300 (-03)' anônimo anônimo '{}' /docs/lib/lodash.min.js 200 52646 4.606 ms
GET 'Mon Jul 01 2019 16:48:34 GMT-0300 (-03)' anônimo anônimo '{}' /docs/lib/highlight.7.3.pack.js 200 7499 5.492 ms
GET 'Mon Jul 01 2019 16:48:34 GMT-0300 (-03)' anônimo anônimo '{}' /docs/lib/backbone-min.js 200 20390 8.854 ms
GET 'Mon Jul 01 2019 16:48:34 GMT-0300 (-03)' anônimo anônimo '{}' /docs/lib/swagger-oauth.js 200 11185 4.173 ms
GET 'Mon Jul 01 2019 16:48:34 GMT-0300 (-03)' anônimo anônimo '{}' /docs/lib/marked.js 200 28156 5.979 ms
GET 'Mon Jul 01 2019 16:48:34 GMT-0300 (-03)' anônimo anônimo '{}' /docs/lib/jsoneditor.min.js 200 130042 9.641 ms
GET 'Mon Jul 01 2019 16:48:34 GMT-0300 (-03)' anônimo anônimo '{}' /docs/css/print.css 200 42587 6.553 ms
GET 'Mon Jul 01 2019 16:48:34 GMT-0300 (-03)' anônimo anônimo '{}' /docs/swagger-ui.js 200 2268334 4.679 ms
GET 'Mon Jul 01 2019 16:48:34 GMT-0300 (-03)' anônimo anônimo '{}' /docs/images/logo_small.png 200 770 3.575 ms
GET 'Mon Jul 01 2019 16:48:34 GMT-0300 (-03)' anônimo anônimo '{}' /docs/fonts/DroidSans-Bold.ttf 200 42477 2.326 ms
GET 'Mon Jul 01 2019 16:48:34 GMT-0300 (-03)' anônimo anônimo '{}' /docs/fonts/DroidSans.ttf 200 190776 2.442 ms
HEAD 'Mon Jul 01 2019 16:48:34 GMT-0300 (-03)' anônimo anônimo '{}' /docs/ 200 5332 0.509 ms
GET 'Mon Jul 01 2019 16:48:34 GMT-0300 (-03)' anônimo anônimo '{}' /api-docs 200  0.330 ms
GET 'Mon Jul 01 2019 16:48:35 GMT-0300 (-03)' anônimo anônimo '{}' /docs/images/favicon-32x32.png 200 1654 1.699 ms
GET 'Mon Jul 01 2019 16:48:35 GMT-0300 (-03)' anônimo anônimo '{}' /docs/images/throbber.gif 304  1.160 ms
GET 'Mon Jul 01 2019 16:48:54 GMT-0300 (-03)' anônimo anônimo '{}' /api/indicador/MOR4310/resultset?tipo=BR&formato=CSV 500 542 196.423 ms
GET 'Mon Jul 01 2019 16:49:40 GMT-0300 (-03)' anônimo anônimo '{}' /docs/ 200 5332 19.102 ms
GET 'Mon Jul 01 2019 16:49:40 GMT-0300 (-03)' anônimo anônimo '{}' /docs/css/typography.css 200 450 7.410 ms
GET 'Mon Jul 01 2019 16:49:40 GMT-0300 (-03)' anônimo anônimo '{}' /docs/css/reset.css 200 1066 5.284 ms
GET 'Mon Jul 01 2019 16:49:40 GMT-0300 (-03)' anônimo anônimo '{}' /docs/css/screen.css 200 44773 12.412 ms
GET 'Mon Jul 01 2019 16:49:40 GMT-0300 (-03)' anônimo anônimo '{}' /docs/lib/jquery-1.8.0.min.js 200 92555 6.282 ms
GET 'Mon Jul 01 2019 16:49:40 GMT-0300 (-03)' anônimo anônimo '{}' /docs/lib/jquery.slideto.min.js 200 369 2.384 ms
GET 'Mon Jul 01 2019 16:49:40 GMT-0300 (-03)' anônimo anônimo '{}' /docs/lib/jquery.wiggle.min.js 200 762 2.647 ms
GET 'Mon Jul 01 2019 16:49:40 GMT-0300 (-03)' anônimo anônimo '{}' /docs/lib/jquery.ba-bbq.min.js 200 4119 3.304 ms
GET 'Mon Jul 01 2019 16:49:40 GMT-0300 (-03)' anônimo anônimo '{}' /docs/lib/handlebars-2.0.0.js 200 48517 3.842 ms
GET 'Mon Jul 01 2019 16:49:40 GMT-0300 (-03)' anônimo anônimo '{}' /docs/lib/js-yaml.min.js 200 43621 3.668 ms
GET 'Mon Jul 01 2019 16:49:40 GMT-0300 (-03)' anônimo anônimo '{}' /docs/lib/lodash.min.js 200 52646 2.918 ms
GET 'Mon Jul 01 2019 16:49:40 GMT-0300 (-03)' anônimo anônimo '{}' /docs/lib/backbone-min.js 200 20390 9.165 ms
GET 'Mon Jul 01 2019 16:49:40 GMT-0300 (-03)' anônimo anônimo '{}' /docs/lib/highlight.7.3.pack.js 200 7499 8.891 ms
GET 'Mon Jul 01 2019 16:49:40 GMT-0300 (-03)' anônimo anônimo '{}' /docs/lib/marked.js 200 28156 5.368 ms
GET 'Mon Jul 01 2019 16:49:40 GMT-0300 (-03)' anônimo anônimo '{}' /docs/lib/jsoneditor.min.js 200 130042 8.659 ms
GET 'Mon Jul 01 2019 16:49:40 GMT-0300 (-03)' anônimo anônimo '{}' /docs/lib/swagger-oauth.js 200 11185 5.520 ms
GET 'Mon Jul 01 2019 16:49:40 GMT-0300 (-03)' anônimo anônimo '{}' /docs/css/print.css 200 42587 4.303 ms
GET 'Mon Jul 01 2019 16:49:40 GMT-0300 (-03)' anônimo anônimo '{}' /docs/swagger-ui.js 200 2268334 9.444 ms
GET 'Mon Jul 01 2019 16:49:41 GMT-0300 (-03)' anônimo anônimo '{}' /docs/images/logo_small.png 200 770 2.949 ms
GET 'Mon Jul 01 2019 16:49:41 GMT-0300 (-03)' anônimo anônimo '{}' /docs/fonts/DroidSans-Bold.ttf 200 42477 3.238 ms
GET 'Mon Jul 01 2019 16:49:41 GMT-0300 (-03)' anônimo anônimo '{}' /docs/fonts/DroidSans.ttf 200 190776 3.440 ms
HEAD 'Mon Jul 01 2019 16:49:41 GMT-0300 (-03)' anônimo anônimo '{}' /docs/ 200 5332 0.852 ms
GET 'Mon Jul 01 2019 16:49:41 GMT-0300 (-03)' anônimo anônimo '{}' /api-docs 200  0.445 ms
GET 'Mon Jul 01 2019 16:49:42 GMT-0300 (-03)' anônimo anônimo '{}' /docs/images/favicon-32x32.png 200 1654 1.218 ms
GET 'Mon Jul 01 2019 16:49:42 GMT-0300 (-03)' anônimo anônimo '{}' /docs/images/throbber.gif 304  1.384 ms
GET 'Mon Jul 01 2019 16:49:55 GMT-0300 (-03)' anônimo anônimo '{}' /api/indicador/MOR4310/resultset?tipo=BR&formato=CSV 500 542 291.227 ms
GET 'Mon Jul 01 2019 16:50:16 GMT-0300 (-03)' anônimo anônimo '{}' /api/indicador/MOR4310/resultset?tipo=BR&formato=CSV 200 542 308.997 ms
GET 'Mon Jul 01 2019 16:50:26 GMT-0300 (-03)' anônimo anônimo '{}' /docs/ 304  6.503 ms
GET 'Mon Jul 01 2019 16:50:26 GMT-0300 (-03)' anônimo anônimo '{}' /docs/css/typography.css 304  5.622 ms
GET 'Mon Jul 01 2019 16:50:26 GMT-0300 (-03)' anônimo anônimo '{}' /docs/css/reset.css 304  4.545 ms
GET 'Mon Jul 01 2019 16:50:26 GMT-0300 (-03)' anônimo anônimo '{}' /docs/lib/jquery.slideto.min.js 304  1.719 ms
GET 'Mon Jul 01 2019 16:50:26 GMT-0300 (-03)' anônimo anônimo '{}' /docs/css/screen.css 304  1.548 ms
GET 'Mon Jul 01 2019 16:50:26 GMT-0300 (-03)' anônimo anônimo '{}' /docs/lib/jquery.wiggle.min.js 304  2.588 ms
GET 'Mon Jul 01 2019 16:50:26 GMT-0300 (-03)' anônimo anônimo '{}' /docs/lib/jquery-1.8.0.min.js 304  2.637 ms
GET 'Mon Jul 01 2019 16:50:26 GMT-0300 (-03)' anônimo anônimo '{}' /docs/lib/jquery.ba-bbq.min.js 304  1.460 ms
GET 'Mon Jul 01 2019 16:50:26 GMT-0300 (-03)' anônimo anônimo '{}' /docs/lib/handlebars-2.0.0.js 304  1.286 ms
GET 'Mon Jul 01 2019 16:50:26 GMT-0300 (-03)' anônimo anônimo '{}' /docs/lib/js-yaml.min.js 304  1.236 ms
GET 'Mon Jul 01 2019 16:50:26 GMT-0300 (-03)' anônimo anônimo '{}' /docs/lib/lodash.min.js 304  1.405 ms
GET 'Mon Jul 01 2019 16:50:26 GMT-0300 (-03)' anônimo anônimo '{}' /docs/lib/backbone-min.js 304  1.261 ms
GET 'Mon Jul 01 2019 16:50:26 GMT-0300 (-03)' anônimo anônimo '{}' /docs/swagger-ui.js 304  1.485 ms
GET 'Mon Jul 01 2019 16:50:26 GMT-0300 (-03)' anônimo anônimo '{}' /docs/lib/highlight.7.3.pack.js 304  1.202 ms
GET 'Mon Jul 01 2019 16:50:26 GMT-0300 (-03)' anônimo anônimo '{}' /docs/lib/jsoneditor.min.js 304  2.088 ms
GET 'Mon Jul 01 2019 16:50:26 GMT-0300 (-03)' anônimo anônimo '{}' /docs/lib/marked.js 304  2.014 ms
GET 'Mon Jul 01 2019 16:50:26 GMT-0300 (-03)' anônimo anônimo '{}' /docs/lib/swagger-oauth.js 304  1.680 ms
GET 'Mon Jul 01 2019 16:50:26 GMT-0300 (-03)' anônimo anônimo '{}' /docs/css/print.css 304  0.570 ms
GET 'Mon Jul 01 2019 16:50:26 GMT-0300 (-03)' anônimo anônimo '{}' /docs/images/logo_small.png 304  0.427 ms
HEAD 'Mon Jul 01 2019 16:50:27 GMT-0300 (-03)' anônimo anônimo '{}' /docs/ 304  0.805 ms
GET 'Mon Jul 01 2019 16:50:27 GMT-0300 (-03)' anônimo anônimo '{}' /docs/fonts/DroidSans-Bold.ttf 304  0.728 ms
GET 'Mon Jul 01 2019 16:50:27 GMT-0300 (-03)' anônimo anônimo '{}' /docs/fonts/DroidSans.ttf 304  0.758 ms
GET 'Mon Jul 01 2019 16:50:27 GMT-0300 (-03)' anônimo anônimo '{}' /api-docs 200  0.561 ms
GET 'Mon Jul 01 2019 16:50:28 GMT-0300 (-03)' anônimo anônimo '{}' /docs/images/throbber.gif 304  0.426 ms
GET 'Mon Jul 01 2019 16:50:28 GMT-0300 (-03)' anônimo anônimo '{}' /docs/images/favicon-32x32.png 200 1654 5.000 ms
GET 'Mon Jul 01 2019 16:50:43 GMT-0300 (-03)' anônimo anônimo '{}' /api/indicador/MOR4310/resultset?tipo=BR&formato=CSV 304  282.481 ms
GET 'Mon Jul 01 2019 16:50:57 GMT-0300 (-03)' anônimo anônimo '{}' /docs/ 304  8.479 ms
GET 'Mon Jul 01 2019 16:50:57 GMT-0300 (-03)' anônimo anônimo '{}' /docs/css/typography.css 304  3.874 ms
GET 'Mon Jul 01 2019 16:50:57 GMT-0300 (-03)' anônimo anônimo '{}' /docs/css/reset.css 304  3.631 ms
GET 'Mon Jul 01 2019 16:50:57 GMT-0300 (-03)' anônimo anônimo '{}' /docs/css/screen.css 304  8.150 ms
GET 'Mon Jul 01 2019 16:50:57 GMT-0300 (-03)' anônimo anônimo '{}' /docs/lib/jquery-1.8.0.min.js 304  7.836 ms
GET 'Mon Jul 01 2019 16:50:57 GMT-0300 (-03)' anônimo anônimo '{}' /docs/lib/jquery.slideto.min.js 304  1.823 ms
GET 'Mon Jul 01 2019 16:50:57 GMT-0300 (-03)' anônimo anônimo '{}' /docs/lib/jquery.wiggle.min.js 304  7.629 ms
GET 'Mon Jul 01 2019 16:50:57 GMT-0300 (-03)' anônimo anônimo '{}' /docs/lib/jquery.ba-bbq.min.js 304  7.465 ms
GET 'Mon Jul 01 2019 16:50:57 GMT-0300 (-03)' anônimo anônimo '{}' /docs/lib/handlebars-2.0.0.js 304  5.716 ms
GET 'Mon Jul 01 2019 16:50:57 GMT-0300 (-03)' anônimo anônimo '{}' /docs/lib/js-yaml.min.js 304  5.549 ms
GET 'Mon Jul 01 2019 16:50:57 GMT-0300 (-03)' anônimo anônimo '{}' /docs/lib/lodash.min.js 304  4.910 ms
GET 'Mon Jul 01 2019 16:50:57 GMT-0300 (-03)' anônimo anônimo '{}' /docs/lib/backbone-min.js 304  4.732 ms
GET 'Mon Jul 01 2019 16:50:57 GMT-0300 (-03)' anônimo anônimo '{}' /docs/swagger-ui.js 304  0.700 ms
GET 'Mon Jul 01 2019 16:50:57 GMT-0300 (-03)' anônimo anônimo '{}' /docs/lib/highlight.7.3.pack.js 304  5.039 ms
GET 'Mon Jul 01 2019 16:50:57 GMT-0300 (-03)' anônimo anônimo '{}' /docs/lib/jsoneditor.min.js 304  5.046 ms
GET 'Mon Jul 01 2019 16:50:57 GMT-0300 (-03)' anônimo anônimo '{}' /docs/lib/marked.js 304  4.621 ms
GET 'Mon Jul 01 2019 16:50:57 GMT-0300 (-03)' anônimo anônimo '{}' /docs/lib/swagger-oauth.js 304  3.923 ms
GET 'Mon Jul 01 2019 16:50:57 GMT-0300 (-03)' anônimo anônimo '{}' /docs/css/print.css 304  3.953 ms
GET 'Mon Jul 01 2019 16:50:57 GMT-0300 (-03)' anônimo anônimo '{}' /docs/images/logo_small.png 304  0.970 ms
GET 'Mon Jul 01 2019 16:50:57 GMT-0300 (-03)' anônimo anônimo '{}' /docs/fonts/DroidSans.ttf 304  2.121 ms
HEAD 'Mon Jul 01 2019 16:50:57 GMT-0300 (-03)' anônimo anônimo '{}' /docs/ 304  0.810 ms
GET 'Mon Jul 01 2019 16:50:57 GMT-0300 (-03)' anônimo anônimo '{}' /docs/fonts/DroidSans-Bold.ttf 304  1.225 ms
GET 'Mon Jul 01 2019 16:50:58 GMT-0300 (-03)' anônimo anônimo '{}' /api-docs 200  0.880 ms
GET 'Mon Jul 01 2019 16:50:59 GMT-0300 (-03)' anônimo anônimo '{}' /docs/images/favicon-32x32.png 200 1654 3.718 ms
GET 'Mon Jul 01 2019 16:50:59 GMT-0300 (-03)' anônimo anônimo '{}' /docs/images/throbber.gif 304  0.448 ms
GET 'Mon Jul 01 2019 16:51:10 GMT-0300 (-03)' anônimo anônimo '{}' /api/indicador/MOR4310/resultset?tipo=BR&formato=CSV 304  308.390 ms
GET 'Mon Jul 01 2019 16:51:46 GMT-0300 (-03)' anônimo anônimo '{}' /api/indicador/MOR4310/resultset?tipo=BR&formato=CSV 304  285.380 ms
GET 'Mon Jul 01 2019 16:51:47 GMT-0300 (-03)' anônimo anônimo '{}' /api/indicador/MOR4310/resultset?tipo=BR&formato=CSV 304  174.803 ms
GET 'Mon Jul 01 2019 16:51:48 GMT-0300 (-03)' anônimo anônimo '{}' /api/indicador/MOR4310/resultset?tipo=BR&formato=CSV 304  152.032 ms
GET 'Mon Jul 01 2019 16:51:49 GMT-0300 (-03)' anônimo anônimo '{}' /api/indicador/MOR4310/resultset?tipo=BR&formato=CSV 304  159.960 ms
GET 'Mon Jul 01 2019 16:53:23 GMT-0300 (-03)' anônimo anônimo '{}' /docs/ 304  7.217 ms
GET 'Mon Jul 01 2019 16:53:23 GMT-0300 (-03)' anônimo anônimo '{}' /docs/css/typography.css 304  4.787 ms
GET 'Mon Jul 01 2019 16:53:23 GMT-0300 (-03)' anônimo anônimo '{}' /docs/css/reset.css 304  3.906 ms
GET 'Mon Jul 01 2019 16:53:23 GMT-0300 (-03)' anônimo anônimo '{}' /docs/css/screen.css 304  0.704 ms
GET 'Mon Jul 01 2019 16:53:23 GMT-0300 (-03)' anônimo anônimo '{}' /docs/lib/jquery-1.8.0.min.js 304  8.253 ms
GET 'Mon Jul 01 2019 16:53:23 GMT-0300 (-03)' anônimo anônimo '{}' /docs/lib/jquery.slideto.min.js 304  6.105 ms
GET 'Mon Jul 01 2019 16:53:23 GMT-0300 (-03)' anônimo anônimo '{}' /docs/lib/jquery.wiggle.min.js 304  4.773 ms
GET 'Mon Jul 01 2019 16:53:23 GMT-0300 (-03)' anônimo anônimo '{}' /docs/lib/jquery.ba-bbq.min.js 304  4.287 ms
GET 'Mon Jul 01 2019 16:53:23 GMT-0300 (-03)' anônimo anônimo '{}' /docs/lib/handlebars-2.0.0.js 304  3.100 ms
GET 'Mon Jul 01 2019 16:53:23 GMT-0300 (-03)' anônimo anônimo '{}' /docs/lib/js-yaml.min.js 304  3.235 ms
GET 'Mon Jul 01 2019 16:53:23 GMT-0300 (-03)' anônimo anônimo '{}' /docs/lib/lodash.min.js 304  3.311 ms
GET 'Mon Jul 01 2019 16:53:23 GMT-0300 (-03)' anônimo anônimo '{}' /docs/lib/backbone-min.js 304  2.910 ms
GET 'Mon Jul 01 2019 16:53:23 GMT-0300 (-03)' anônimo anônimo '{}' /docs/lib/jsoneditor.min.js 304  0.663 ms
GET 'Mon Jul 01 2019 16:53:23 GMT-0300 (-03)' anônimo anônimo '{}' /docs/lib/marked.js 304  3.328 ms
GET 'Mon Jul 01 2019 16:53:23 GMT-0300 (-03)' anônimo anônimo '{}' /docs/lib/swagger-oauth.js 304  3.787 ms
GET 'Mon Jul 01 2019 16:53:23 GMT-0300 (-03)' anônimo anônimo '{}' /docs/swagger-ui.js 304  3.114 ms
GET 'Mon Jul 01 2019 16:53:23 GMT-0300 (-03)' anônimo anônimo '{}' /docs/lib/highlight.7.3.pack.js 304  0.887 ms
GET 'Mon Jul 01 2019 16:53:23 GMT-0300 (-03)' anônimo anônimo '{}' /docs/css/print.css 304  1.401 ms
GET 'Mon Jul 01 2019 16:53:23 GMT-0300 (-03)' anônimo anônimo '{}' /docs/images/logo_small.png 304  1.215 ms
GET 'Mon Jul 01 2019 16:53:23 GMT-0300 (-03)' anônimo anônimo '{}' /docs/fonts/DroidSans.ttf 304  0.474 ms
HEAD 'Mon Jul 01 2019 16:53:23 GMT-0300 (-03)' anônimo anônimo '{}' /docs/ 304  0.854 ms
GET 'Mon Jul 01 2019 16:53:23 GMT-0300 (-03)' anônimo anônimo '{}' /docs/fonts/DroidSans-Bold.ttf 304  1.117 ms
GET 'Mon Jul 01 2019 16:53:23 GMT-0300 (-03)' anônimo anônimo '{}' /api-docs 200  0.531 ms
GET 'Mon Jul 01 2019 16:53:24 GMT-0300 (-03)' anônimo anônimo '{}' /docs/images/favicon-32x32.png 200 1654 5.767 ms
GET 'Mon Jul 01 2019 16:53:24 GMT-0300 (-03)' anônimo anônimo '{}' /docs/images/throbber.gif 304  0.370 ms
GET 'Mon Jul 01 2019 16:53:39 GMT-0300 (-03)' anônimo anônimo '{}' /api/indicador/MOR4310/resultset?tipo=BR&formato=CSV 304  282.030 ms
GET 'Mon Jul 01 2019 16:53:48 GMT-0300 (-03)' anônimo anônimo '{}' /api/indicador/MOR4310/resultset?tipo=BR&formato=JSON 304  171.660 ms
GET 'Mon Jul 01 2019 16:53:55 GMT-0300 (-03)' anônimo anônimo '{}' /api/indicador/MOR4310/resultset?tipo=BR&formato=JSON 304  167.267 ms
GET 'Mon Jul 01 2019 16:54:28 GMT-0300 (-03)' anônimo anônimo '{}' /api/indicador/MOR4310/resultset?tipo=BR&formato=CSV 304  215.158 ms
GET 'Mon Jul 01 2019 16:54:32 GMT-0300 (-03)' anônimo anônimo '{}' /api/indicador/MOR4310/resultset?tipo=BR&formato=CSV 304  162.803 ms
GET 'Mon Jul 01 2019 16:59:38 GMT-0300 (-03)' anônimo anônimo '{}' /api/indicador/MOR4310 200 2961 167.284 ms
GET 'Mon Jul 01 2019 17:04:53 GMT-0300 (-03)' anônimo anônimo '{}' /api/indicador/MOR4310 304  205.738 ms
GET 'Mon Jul 01 2019 17:10:47 GMT-0300 (-03)' anônimo anônimo '{}' /docs/ 304  6.763 ms
GET 'Mon Jul 01 2019 17:10:47 GMT-0300 (-03)' anônimo anônimo '{}' /docs/css/typography.css 304  1.781 ms
GET 'Mon Jul 01 2019 17:10:47 GMT-0300 (-03)' anônimo anônimo '{}' /docs/css/reset.css 304  2.743 ms
GET 'Mon Jul 01 2019 17:10:47 GMT-0300 (-03)' anônimo anônimo '{}' /docs/css/screen.css 304  3.776 ms
GET 'Mon Jul 01 2019 17:10:47 GMT-0300 (-03)' anônimo anônimo '{}' /docs/lib/jquery-1.8.0.min.js 304  3.613 ms
GET 'Mon Jul 01 2019 17:10:47 GMT-0300 (-03)' anônimo anônimo '{}' /docs/lib/jquery.slideto.min.js 304  1.427 ms
GET 'Mon Jul 01 2019 17:10:47 GMT-0300 (-03)' anônimo anônimo '{}' /docs/lib/jquery.wiggle.min.js 304  6.867 ms
GET 'Mon Jul 01 2019 17:10:47 GMT-0300 (-03)' anônimo anônimo '{}' /docs/lib/jquery.ba-bbq.min.js 304  2.145 ms
GET 'Mon Jul 01 2019 17:10:47 GMT-0300 (-03)' anônimo anônimo '{}' /docs/lib/handlebars-2.0.0.js 304  2.798 ms
GET 'Mon Jul 01 2019 17:10:47 GMT-0300 (-03)' anônimo anônimo '{}' /docs/lib/js-yaml.min.js 304  2.689 ms
GET 'Mon Jul 01 2019 17:10:47 GMT-0300 (-03)' anônimo anônimo '{}' /docs/swagger-ui.js 304  2.487 ms
GET 'Mon Jul 01 2019 17:10:47 GMT-0300 (-03)' anônimo anônimo '{}' /docs/lib/highlight.7.3.pack.js 304  2.338 ms
GET 'Mon Jul 01 2019 17:10:47 GMT-0300 (-03)' anônimo anônimo '{}' /docs/lib/lodash.min.js 304  0.636 ms
GET 'Mon Jul 01 2019 17:10:47 GMT-0300 (-03)' anônimo anônimo '{}' /docs/lib/jsoneditor.min.js 304  1.138 ms
GET 'Mon Jul 01 2019 17:10:47 GMT-0300 (-03)' anônimo anônimo '{}' /docs/lib/backbone-min.js 304  1.088 ms
GET 'Mon Jul 01 2019 17:10:47 GMT-0300 (-03)' anônimo anônimo '{}' /docs/lib/marked.js 304  1.036 ms
GET 'Mon Jul 01 2019 17:10:47 GMT-0300 (-03)' anônimo anônimo '{}' /docs/lib/swagger-oauth.js 304  1.511 ms
GET 'Mon Jul 01 2019 17:10:47 GMT-0300 (-03)' anônimo anônimo '{}' /docs/css/print.css 304  20.155 ms
GET 'Mon Jul 01 2019 17:10:48 GMT-0300 (-03)' anônimo anônimo '{}' /docs/images/logo_small.png 304  0.560 ms
HEAD 'Mon Jul 01 2019 17:10:48 GMT-0300 (-03)' anônimo anônimo '{}' /docs/ 304  0.985 ms
GET 'Mon Jul 01 2019 17:10:48 GMT-0300 (-03)' anônimo anônimo '{}' /docs/fonts/DroidSans-Bold.ttf 304  0.818 ms
GET 'Mon Jul 01 2019 17:10:48 GMT-0300 (-03)' anônimo anônimo '{}' /docs/fonts/DroidSans.ttf 304  0.892 ms
GET 'Mon Jul 01 2019 17:10:48 GMT-0300 (-03)' anônimo anônimo '{}' /api-docs 200  0.780 ms
GET 'Mon Jul 01 2019 17:10:49 GMT-0300 (-03)' anônimo anônimo '{}' /docs/images/favicon-32x32.png 200 1654 4.860 ms
GET 'Mon Jul 01 2019 17:11:38 GMT-0300 (-03)' anônimo anônimo '{}' /docs/ 304  10.296 ms
GET 'Mon Jul 01 2019 17:11:38 GMT-0300 (-03)' anônimo anônimo '{}' /docs/css/typography.css 304  6.011 ms
GET 'Mon Jul 01 2019 17:11:38 GMT-0300 (-03)' anônimo anônimo '{}' /docs/css/reset.css 304  11.320 ms
GET 'Mon Jul 01 2019 17:11:38 GMT-0300 (-03)' anônimo anônimo '{}' /docs/css/screen.css 304  10.233 ms
GET 'Mon Jul 01 2019 17:11:38 GMT-0300 (-03)' anônimo anônimo '{}' /docs/lib/jquery-1.8.0.min.js 304  0.760 ms
GET 'Mon Jul 01 2019 17:11:38 GMT-0300 (-03)' anônimo anônimo '{}' /docs/lib/jquery.slideto.min.js 304  0.698 ms
GET 'Mon Jul 01 2019 17:11:38 GMT-0300 (-03)' anônimo anônimo '{}' /docs/lib/jquery.wiggle.min.js 304  0.618 ms
GET 'Mon Jul 01 2019 17:11:38 GMT-0300 (-03)' anônimo anônimo '{}' /docs/lib/jquery.ba-bbq.min.js 304  2.186 ms
GET 'Mon Jul 01 2019 17:11:38 GMT-0300 (-03)' anônimo anônimo '{}' /docs/lib/handlebars-2.0.0.js 304  3.600 ms
GET 'Mon Jul 01 2019 17:11:38 GMT-0300 (-03)' anônimo anônimo '{}' /docs/lib/js-yaml.min.js 304  3.515 ms
GET 'Mon Jul 01 2019 17:11:38 GMT-0300 (-03)' anônimo anônimo '{}' /docs/lib/lodash.min.js 304  4.309 ms
GET 'Mon Jul 01 2019 17:11:38 GMT-0300 (-03)' anônimo anônimo '{}' /docs/lib/backbone-min.js 304  4.221 ms
GET 'Mon Jul 01 2019 17:11:38 GMT-0300 (-03)' anônimo anônimo '{}' /docs/swagger-ui.js 304  4.085 ms
GET 'Mon Jul 01 2019 17:11:38 GMT-0300 (-03)' anônimo anônimo '{}' /docs/lib/jsoneditor.min.js 304  3.216 ms
GET 'Mon Jul 01 2019 17:11:38 GMT-0300 (-03)' anônimo anônimo '{}' /docs/lib/highlight.7.3.pack.js 304  4.301 ms
GET 'Mon Jul 01 2019 17:11:38 GMT-0300 (-03)' anônimo anônimo '{}' /docs/lib/marked.js 304  3.474 ms
GET 'Mon Jul 01 2019 17:11:38 GMT-0300 (-03)' anônimo anônimo '{}' /docs/lib/swagger-oauth.js 304  0.706 ms
GET 'Mon Jul 01 2019 17:11:38 GMT-0300 (-03)' anônimo anônimo '{}' /docs/css/print.css 304  0.462 ms
GET 'Mon Jul 01 2019 17:11:38 GMT-0300 (-03)' anônimo anônimo '{}' /docs/images/logo_small.png 304  0.581 ms
GET 'Mon Jul 01 2019 17:11:38 GMT-0300 (-03)' anônimo anônimo '{}' /docs/fonts/DroidSans.ttf 304  0.757 ms
HEAD 'Mon Jul 01 2019 17:11:38 GMT-0300 (-03)' anônimo anônimo '{}' /docs/ 304  0.696 ms
GET 'Mon Jul 01 2019 17:11:38 GMT-0300 (-03)' anônimo anônimo '{}' /docs/fonts/DroidSans-Bold.ttf 304  0.431 ms
GET 'Mon Jul 01 2019 17:11:38 GMT-0300 (-03)' anônimo anônimo '{}' /api-docs 200  0.527 ms
GET 'Mon Jul 01 2019 17:11:39 GMT-0300 (-03)' anônimo anônimo '{}' /docs/images/favicon-32x32.png 200 1654 3.147 ms
GET 'Mon Jul 01 2019 17:12:10 GMT-0300 (-03)' anônimo anônimo '{}' /docs/images/throbber.gif 304  0.933 ms
GET 'Mon Jul 01 2019 17:12:46 GMT-0300 (-03)' anônimo anônimo '{}' /api/ficha/MOR4310 200 2961 177.649 ms
GET 'Mon Jul 01 2019 17:12:56 GMT-0300 (-03)' anônimo anônimo '{}' /api/ficha/MOR4310 304  57.565 ms
GET 'Mon Jul 01 2019 17:13:33 GMT-0300 (-03)' anônimo anônimo '{}' /api/ficha/MOR4310 304  166.233 ms
GET 'Mon Jul 01 2019 17:15:08 GMT-0300 (-03)' anônimo anônimo '{}' /docs/ 200 5332 12.406 ms
GET 'Mon Jul 01 2019 17:15:08 GMT-0300 (-03)' anônimo anônimo '{}' /docs/css/typography.css 200 450 8.979 ms
GET 'Mon Jul 01 2019 17:15:08 GMT-0300 (-03)' anônimo anônimo '{}' /docs/css/reset.css 200 1066 11.536 ms
GET 'Mon Jul 01 2019 17:15:08 GMT-0300 (-03)' anônimo anônimo '{}' /docs/css/screen.css 200 44773 11.757 ms
GET 'Mon Jul 01 2019 17:15:08 GMT-0300 (-03)' anônimo anônimo '{}' /docs/lib/jquery.slideto.min.js 200 369 8.769 ms
GET 'Mon Jul 01 2019 17:15:08 GMT-0300 (-03)' anônimo anônimo '{}' /docs/lib/jquery-1.8.0.min.js 200 92555 12.625 ms
GET 'Mon Jul 01 2019 17:15:08 GMT-0300 (-03)' anônimo anônimo '{}' /docs/lib/jquery.wiggle.min.js 200 762 8.652 ms
GET 'Mon Jul 01 2019 17:15:08 GMT-0300 (-03)' anônimo anônimo '{}' /docs/lib/jquery.ba-bbq.min.js 200 4119 6.292 ms
GET 'Mon Jul 01 2019 17:15:08 GMT-0300 (-03)' anônimo anônimo '{}' /docs/lib/js-yaml.min.js 200 43621 5.162 ms
GET 'Mon Jul 01 2019 17:15:08 GMT-0300 (-03)' anônimo anônimo '{}' /docs/lib/handlebars-2.0.0.js 200 48517 5.654 ms
GET 'Mon Jul 01 2019 17:15:08 GMT-0300 (-03)' anônimo anônimo '{}' /docs/lib/backbone-min.js 200 20390 7.846 ms
GET 'Mon Jul 01 2019 17:15:08 GMT-0300 (-03)' anônimo anônimo '{}' /docs/lib/lodash.min.js 200 52646 7.109 ms
GET 'Mon Jul 01 2019 17:15:08 GMT-0300 (-03)' anônimo anônimo '{}' /docs/lib/highlight.7.3.pack.js 200 7499 6.621 ms
GET 'Mon Jul 01 2019 17:15:08 GMT-0300 (-03)' anônimo anônimo '{}' /docs/lib/jsoneditor.min.js 200 130042 5.407 ms
GET 'Mon Jul 01 2019 17:15:08 GMT-0300 (-03)' anônimo anônimo '{}' /docs/lib/marked.js 200 28156 7.144 ms
GET 'Mon Jul 01 2019 17:15:08 GMT-0300 (-03)' anônimo anônimo '{}' /docs/lib/swagger-oauth.js 200 11185 6.155 ms
GET 'Mon Jul 01 2019 17:15:08 GMT-0300 (-03)' anônimo anônimo '{}' /docs/css/print.css 200 42587 2.607 ms
GET 'Mon Jul 01 2019 17:15:09 GMT-0300 (-03)' anônimo anônimo '{}' /docs/swagger-ui.js 200 2268334 5.817 ms
GET 'Mon Jul 01 2019 17:15:09 GMT-0300 (-03)' anônimo anônimo '{}' /docs/images/logo_small.png 200 770 3.304 ms
GET 'Mon Jul 01 2019 17:15:09 GMT-0300 (-03)' anônimo anônimo '{}' /docs/fonts/DroidSans-Bold.ttf 200 42477 1.725 ms
GET 'Mon Jul 01 2019 17:15:09 GMT-0300 (-03)' anônimo anônimo '{}' /docs/fonts/DroidSans.ttf 200 190776 2.246 ms
HEAD 'Mon Jul 01 2019 17:15:09 GMT-0300 (-03)' anônimo anônimo '{}' /docs/ 200 5332 0.647 ms
GET 'Mon Jul 01 2019 17:15:09 GMT-0300 (-03)' anônimo anônimo '{}' /api-docs 200  0.354 ms
GET 'Mon Jul 01 2019 17:15:10 GMT-0300 (-03)' anônimo anônimo '{}' /docs/images/favicon-32x32.png 200 1654 0.585 ms
GET 'Mon Jul 01 2019 17:15:30 GMT-0300 (-03)' anônimo anônimo '{}' /docs/images/throbber.gif 304  1.330 ms
GET 'Mon Jul 01 2019 17:18:02 GMT-0300 (-03)' anônimo anônimo '{}' /docs/ 200 5332 12.368 ms
GET 'Mon Jul 01 2019 17:18:02 GMT-0300 (-03)' anônimo anônimo '{}' /docs/css/typography.css 200 450 27.850 ms
GET 'Mon Jul 01 2019 17:18:02 GMT-0300 (-03)' anônimo anônimo '{}' /docs/css/reset.css 200 1066 26.081 ms
GET 'Mon Jul 01 2019 17:18:02 GMT-0300 (-03)' anônimo anônimo '{}' /docs/css/screen.css 200 44773 22.999 ms
GET 'Mon Jul 01 2019 17:18:02 GMT-0300 (-03)' anônimo anônimo '{}' /docs/lib/jquery.slideto.min.js 200 369 15.114 ms
GET 'Mon Jul 01 2019 17:18:02 GMT-0300 (-03)' anônimo anônimo '{}' /docs/lib/handlebars-2.0.0.js 200 48517 5.402 ms
GET 'Mon Jul 01 2019 17:18:02 GMT-0300 (-03)' anônimo anônimo '{}' /docs/lib/jquery.ba-bbq.min.js 200 4119 7.150 ms
GET 'Mon Jul 01 2019 17:18:02 GMT-0300 (-03)' anônimo anônimo '{}' /docs/lib/jquery.wiggle.min.js 200 762 7.367 ms
GET 'Mon Jul 01 2019 17:18:02 GMT-0300 (-03)' anônimo anônimo '{}' /docs/lib/jquery-1.8.0.min.js 200 92555 17.816 ms
GET 'Mon Jul 01 2019 17:18:02 GMT-0300 (-03)' anônimo anônimo '{}' /docs/lib/js-yaml.min.js 200 43621 16.143 ms
GET 'Mon Jul 01 2019 17:18:02 GMT-0300 (-03)' anônimo anônimo '{}' /docs/lib/backbone-min.js 200 20390 15.161 ms
GET 'Mon Jul 01 2019 17:18:02 GMT-0300 (-03)' anônimo anônimo '{}' /docs/lib/lodash.min.js 200 52646 14.699 ms
GET 'Mon Jul 01 2019 17:18:02 GMT-0300 (-03)' anônimo anônimo '{}' /docs/lib/highlight.7.3.pack.js 200 7499 14.704 ms
GET 'Mon Jul 01 2019 17:18:02 GMT-0300 (-03)' anônimo anônimo '{}' /docs/lib/marked.js 200 28156 9.016 ms
GET 'Mon Jul 01 2019 17:18:02 GMT-0300 (-03)' anônimo anônimo '{}' /docs/lib/jsoneditor.min.js 200 130042 13.131 ms
GET 'Mon Jul 01 2019 17:18:02 GMT-0300 (-03)' anônimo anônimo '{}' /docs/css/print.css 200 42587 4.963 ms
GET 'Mon Jul 01 2019 17:18:02 GMT-0300 (-03)' anônimo anônimo '{}' /docs/lib/swagger-oauth.js 200 11185 7.733 ms
GET 'Mon Jul 01 2019 17:18:02 GMT-0300 (-03)' anônimo anônimo '{}' /docs/swagger-ui.js 200 2268334 14.138 ms
GET 'Mon Jul 01 2019 17:18:03 GMT-0300 (-03)' anônimo anônimo '{}' /docs/images/logo_small.png 200 770 4.799 ms
GET 'Mon Jul 01 2019 17:18:03 GMT-0300 (-03)' anônimo anônimo '{}' /docs/fonts/DroidSans-Bold.ttf 200 42477 4.286 ms
GET 'Mon Jul 01 2019 17:18:03 GMT-0300 (-03)' anônimo anônimo '{}' /docs/fonts/DroidSans.ttf 200 190776 2.216 ms
HEAD 'Mon Jul 01 2019 17:18:03 GMT-0300 (-03)' anônimo anônimo '{}' /docs/ 200 5332 0.726 ms
GET 'Mon Jul 01 2019 17:18:03 GMT-0300 (-03)' anônimo anônimo '{}' /api-docs 200  0.315 ms
GET 'Mon Jul 01 2019 17:18:04 GMT-0300 (-03)' anônimo anônimo '{}' /docs/images/favicon-32x32.png 200 1654 2.013 ms
GET 'Mon Jul 01 2019 17:18:04 GMT-0300 (-03)' anônimo anônimo '{}' /docs/images/throbber.gif 304  1.246 ms
GET 'Mon Jul 01 2019 17:18:16 GMT-0300 (-03)' anônimo anônimo '{}' /api/ficha-qualificacao/MOR4310 200 2961 179.007 ms
GET 'Mon Jul 01 2019 17:30:44 GMT-0300 (-03)' anônimo anônimo '{}' /docs/ 304  11.125 ms
GET 'Mon Jul 01 2019 17:30:44 GMT-0300 (-03)' anônimo anônimo '{}' /docs/css/typography.css 304  4.009 ms
GET 'Mon Jul 01 2019 17:30:44 GMT-0300 (-03)' anônimo anônimo '{}' /docs/css/reset.css 304  2.722 ms
GET 'Mon Jul 01 2019 17:30:44 GMT-0300 (-03)' anônimo anônimo '{}' /docs/css/screen.css 304  2.374 ms
GET 'Mon Jul 01 2019 17:30:44 GMT-0300 (-03)' anônimo anônimo '{}' /docs/lib/jquery-1.8.0.min.js 304  2.379 ms
GET 'Mon Jul 01 2019 17:30:44 GMT-0300 (-03)' anônimo anônimo '{}' /docs/lib/jquery.slideto.min.js 304  1.779 ms
GET 'Mon Jul 01 2019 17:30:44 GMT-0300 (-03)' anônimo anônimo '{}' /docs/lib/jquery.wiggle.min.js 304  1.683 ms
GET 'Mon Jul 01 2019 17:30:44 GMT-0300 (-03)' anônimo anônimo '{}' /docs/lib/jquery.ba-bbq.min.js 304  1.603 ms
GET 'Mon Jul 01 2019 17:30:44 GMT-0300 (-03)' anônimo anônimo '{}' /docs/lib/js-yaml.min.js 304  1.935 ms
GET 'Mon Jul 01 2019 17:30:44 GMT-0300 (-03)' anônimo anônimo '{}' /docs/lib/handlebars-2.0.0.js 304  1.504 ms
GET 'Mon Jul 01 2019 17:30:44 GMT-0300 (-03)' anônimo anônimo '{}' /docs/lib/lodash.min.js 304  0.987 ms
GET 'Mon Jul 01 2019 17:30:44 GMT-0300 (-03)' anônimo anônimo '{}' /docs/lib/backbone-min.js 304  2.659 ms
GET 'Mon Jul 01 2019 17:30:44 GMT-0300 (-03)' anônimo anônimo '{}' /docs/swagger-ui.js 304  2.601 ms
GET 'Mon Jul 01 2019 17:30:44 GMT-0300 (-03)' anônimo anônimo '{}' /docs/lib/highlight.7.3.pack.js 304  2.696 ms
GET 'Mon Jul 01 2019 17:30:44 GMT-0300 (-03)' anônimo anônimo '{}' /docs/lib/jsoneditor.min.js 304  3.032 ms
GET 'Mon Jul 01 2019 17:30:44 GMT-0300 (-03)' anônimo anônimo '{}' /docs/lib/marked.js 304  3.396 ms
GET 'Mon Jul 01 2019 17:30:44 GMT-0300 (-03)' anônimo anônimo '{}' /docs/lib/swagger-oauth.js 304  3.600 ms
GET 'Mon Jul 01 2019 17:30:44 GMT-0300 (-03)' anônimo anônimo '{}' /docs/css/print.css 304  0.497 ms
GET 'Mon Jul 01 2019 17:30:44 GMT-0300 (-03)' anônimo anônimo '{}' /docs/images/logo_small.png 304  0.688 ms
GET 'Mon Jul 01 2019 17:30:44 GMT-0300 (-03)' anônimo anônimo '{}' /docs/fonts/DroidSans.ttf 304  0.446 ms
HEAD 'Mon Jul 01 2019 17:30:44 GMT-0300 (-03)' anônimo anônimo '{}' /docs/ 304  0.588 ms
GET 'Mon Jul 01 2019 17:30:44 GMT-0300 (-03)' anônimo anônimo '{}' /docs/fonts/DroidSans-Bold.ttf 304  0.635 ms
GET 'Mon Jul 01 2019 17:30:44 GMT-0300 (-03)' anônimo anônimo '{}' /api-docs 200  0.513 ms
GET 'Mon Jul 01 2019 17:30:45 GMT-0300 (-03)' anônimo anônimo '{}' /docs/images/favicon-32x32.png 200 1654 4.260 ms
GET 'Mon Jul 01 2019 17:30:46 GMT-0300 (-03)' anônimo anônimo '{}' /docs/images/throbber.gif 304  0.410 ms
GET 'Mon Jul 01 2019 17:30:59 GMT-0300 (-03)' anônimo anônimo '{}' /api/ficha-qualificacao/MOR4310 304  153.003 ms
GET 'Mon Jul 01 2019 17:37:03 GMT-0300 (-03)' anônimo anônimo '{}' /docs/ 304  9.373 ms
GET 'Mon Jul 01 2019 17:37:03 GMT-0300 (-03)' anônimo anônimo '{}' /docs/css/typography.css 304  19.965 ms
GET 'Mon Jul 01 2019 17:37:03 GMT-0300 (-03)' anônimo anônimo '{}' /docs/css/reset.css 304  17.152 ms
GET 'Mon Jul 01 2019 17:37:03 GMT-0300 (-03)' anônimo anônimo '{}' /docs/css/screen.css 304  12.060 ms
GET 'Mon Jul 01 2019 17:37:03 GMT-0300 (-03)' anônimo anônimo '{}' /docs/lib/jquery-1.8.0.min.js 304  1.152 ms
GET 'Mon Jul 01 2019 17:37:03 GMT-0300 (-03)' anônimo anônimo '{}' /docs/lib/jquery.slideto.min.js 304  1.569 ms
GET 'Mon Jul 01 2019 17:37:03 GMT-0300 (-03)' anônimo anônimo '{}' /docs/lib/jquery.wiggle.min.js 304  1.344 ms
GET 'Mon Jul 01 2019 17:37:03 GMT-0300 (-03)' anônimo anônimo '{}' /docs/lib/jquery.ba-bbq.min.js 304  0.577 ms
GET 'Mon Jul 01 2019 17:37:03 GMT-0300 (-03)' anônimo anônimo '{}' /docs/lib/handlebars-2.0.0.js 304  4.349 ms
GET 'Mon Jul 01 2019 17:37:03 GMT-0300 (-03)' anônimo anônimo '{}' /docs/lib/js-yaml.min.js 304  4.976 ms
GET 'Mon Jul 01 2019 17:37:03 GMT-0300 (-03)' anônimo anônimo '{}' /docs/lib/lodash.min.js 304  4.172 ms
GET 'Mon Jul 01 2019 17:37:03 GMT-0300 (-03)' anônimo anônimo '{}' /docs/lib/backbone-min.js 304  1.958 ms
GET 'Mon Jul 01 2019 17:37:03 GMT-0300 (-03)' anônimo anônimo '{}' /docs/swagger-ui.js 304  1.817 ms
GET 'Mon Jul 01 2019 17:37:03 GMT-0300 (-03)' anônimo anônimo '{}' /docs/lib/highlight.7.3.pack.js 304  1.717 ms
GET 'Mon Jul 01 2019 17:37:03 GMT-0300 (-03)' anônimo anônimo '{}' /docs/lib/jsoneditor.min.js 304  0.782 ms
GET 'Mon Jul 01 2019 17:37:03 GMT-0300 (-03)' anônimo anônimo '{}' /docs/lib/marked.js 304  1.433 ms
GET 'Mon Jul 01 2019 17:37:03 GMT-0300 (-03)' anônimo anônimo '{}' /docs/lib/swagger-oauth.js 304  1.489 ms
GET 'Mon Jul 01 2019 17:37:03 GMT-0300 (-03)' anônimo anônimo '{}' /docs/css/print.css 304  2.343 ms
GET 'Mon Jul 01 2019 17:37:03 GMT-0300 (-03)' anônimo anônimo '{}' /docs/images/logo_small.png 304  0.630 ms
GET 'Mon Jul 01 2019 17:37:03 GMT-0300 (-03)' anônimo anônimo '{}' /docs/fonts/DroidSans.ttf 304  0.665 ms
HEAD 'Mon Jul 01 2019 17:37:03 GMT-0300 (-03)' anônimo anônimo '{}' /docs/ 304  0.734 ms
GET 'Mon Jul 01 2019 17:37:03 GMT-0300 (-03)' anônimo anônimo '{}' /docs/fonts/DroidSans-Bold.ttf 304  0.700 ms
GET 'Mon Jul 01 2019 17:37:03 GMT-0300 (-03)' anônimo anônimo '{}' /api-docs 200  1.717 ms
GET 'Mon Jul 01 2019 17:37:04 GMT-0300 (-03)' anônimo anônimo '{}' /docs/images/favicon-32x32.png 200 1654 4.341 ms
GET 'Mon Jul 01 2019 17:37:04 GMT-0300 (-03)' anônimo anônimo '{}' /docs/images/throbber.gif 304  0.444 ms
GET 'Mon Jul 01 2019 17:40:27 GMT-0300 (-03)' anônimo anônimo '{}' /api/ficha-qualificacao/MOR4310 200 118 24.267 ms
GET 'Mon Jul 01 2019 17:41:37 GMT-0300 (-03)' anônimo anônimo '{}' /api/ficha-qualificacao/MOR4310 200 2961 159.198 ms
GET 'Mon Jul 01 2019 17:42:58 GMT-0300 (-03)' anônimo anônimo '{}' /api/ficha-qualificacao/MOR4310 200 2846 137.168 ms
GET 'Mon Jul 01 2019 17:43:14 GMT-0300 (-03)' anônimo anônimo '{}' /api/ficha-qualificacao/MOR4310 200 2676 146.785 ms
GET 'Mon Jul 01 2019 17:43:37 GMT-0300 (-03)' anônimo anônimo '{}' /api/ficha-qualificacao/MOR4310 200 2653 154.376 ms
GET 'Mon Jul 01 2019 17:43:38 GMT-0300 (-03)' anônimo anônimo '{}' /api/ficha-qualificacao/MOR4310 304  33.912 ms
GET 'Mon Jul 01 2019 17:43:38 GMT-0300 (-03)' anônimo anônimo '{}' /api/ficha-qualificacao/MOR4310 304  30.401 ms
GET 'Mon Jul 01 2019 17:44:02 GMT-0300 (-03)' anônimo anônimo '{}' /api/ficha-qualificacao/MOR4310 200 2591 135.563 ms
GET 'Mon Jul 01 2019 17:44:15 GMT-0300 (-03)' anônimo anônimo '{}' /api/ficha-qualificacao/MOR4310 200 2517 137.353 ms
GET 'Mon Jul 01 2019 17:44:27 GMT-0300 (-03)' anônimo anônimo '{}' /api/ficha-qualificacao/MOR4310 200 2331 128.706 ms
GET 'Mon Jul 01 2019 17:44:45 GMT-0300 (-03)' anônimo anônimo '{}' /api/ficha-qualificacao/MOR4310 200 2094 106.966 ms
GET 'Mon Jul 01 2019 17:44:59 GMT-0300 (-03)' anônimo anônimo '{}' /api/ficha-qualificacao/MOR4310 200 2084 118.092 ms
GET 'Mon Jul 01 2019 17:45:35 GMT-0300 (-03)' anônimo anônimo '{}' /api/ficha-qualificacao/MOR4310 200 2058 95.707 ms
GET 'Mon Jul 01 2019 17:45:55 GMT-0300 (-03)' anônimo anônimo '{}' /api/ficha-qualificacao/MOR4310 500  18.899 ms
GET 'Mon Jul 01 2019 17:45:56 GMT-0300 (-03)' anônimo anônimo '{}' /api/ficha-qualificacao/MOR4310 500  4.853 ms
GET 'Mon Jul 01 2019 17:46:12 GMT-0300 (-03)' anônimo anônimo '{}' /api/ficha-qualificacao/MOR4310 200 2058 89.245 ms
GET 'Mon Jul 01 2019 17:47:42 GMT-0300 (-03)' anônimo anônimo '{}' /api/ficha-qualificacao/MOR4310 500  27.450 ms
GET 'Mon Jul 01 2019 17:47:43 GMT-0300 (-03)' anônimo anônimo '{}' /api/ficha-qualificacao/MOR4310 500  5.056 ms
GET 'Mon Jul 01 2019 17:47:53 GMT-0300 (-03)' anônimo anônimo '{}' /api/ficha-qualificacao/MOR4310 500  18.731 ms
GET 'Mon Jul 01 2019 17:47:54 GMT-0300 (-03)' anônimo anônimo '{}' /api/ficha-qualificacao/MOR4310 500  4.372 ms
GET 'Mon Jul 01 2019 17:48:33 GMT-0300 (-03)' anônimo anônimo '{}' /api/ficha-qualificacao/MOR4310 500  21.135 ms
GET 'Mon Jul 01 2019 17:48:35 GMT-0300 (-03)' anônimo anônimo '{}' /api/ficha-qualificacao/MOR4310 500  4.871 ms
GET 'Mon Jul 01 2019 17:48:48 GMT-0300 (-03)' anônimo anônimo '{}' /api/ficha-qualificacao/MOR4310 200 2058 90.211 ms
GET 'Mon Jul 01 2019 17:49:18 GMT-0300 (-03)' anônimo anônimo '{}' /api/ficha-qualificacao/MOR4310 304  92.775 ms
GET 'Mon Jul 01 2019 17:49:59 GMT-0300 (-03)' anônimo anônimo '{}' /api/ficha-qualificacao/MOR4310 304  94.010 ms
GET 'Mon Jul 01 2019 17:50:43 GMT-0300 (-03)' anônimo anônimo '{}' /api/ficha-qualificacao/MOR4310 200 778 89.570 ms
GET 'Mon Jul 01 2019 17:51:19 GMT-0300 (-03)' anônimo anônimo '{}' /api/ficha-qualificacao/MOR4310 500 780 86.798 ms
GET 'Mon Jul 01 2019 17:51:20 GMT-0300 (-03)' anônimo anônimo '{}' /api/ficha-qualificacao/MOR4310 500 780 9.966 ms
GET 'Mon Jul 01 2019 17:51:21 GMT-0300 (-03)' anônimo anônimo '{}' /api/ficha-qualificacao/MOR4310 500 780 7.502 ms
GET 'Mon Jul 01 2019 17:51:21 GMT-0300 (-03)' anônimo anônimo '{}' /api/ficha-qualificacao/MOR4310 500 780 7.168 ms
GET 'Mon Jul 01 2019 17:51:21 GMT-0300 (-03)' anônimo anônimo '{}' /api/ficha-qualificacao/MOR4310 500 780 7.037 ms
GET 'Mon Jul 01 2019 17:51:43 GMT-0300 (-03)' anônimo anônimo '{}' /api/ficha-qualificacao/MOR4310 200 778 83.798 ms
GET 'Mon Jul 01 2019 17:53:08 GMT-0300 (-03)' anônimo anônimo '{}' /api/ficha-qualificacao/PI023 200 1345 89.863 ms
GET 'Mon Jul 01 2019 17:53:57 GMT-0300 (-03)' anônimo anônimo '{}' /api/ficha-qualificacao/PI023 200 1345 85.262 ms
GET 'Mon Jul 01 2019 17:54:58 GMT-0300 (-03)' anônimo anônimo '{}' /api/ficha-qualificacao/PI023 304  27.427 ms
GET 'Mon Jul 01 2019 17:54:59 GMT-0300 (-03)' anônimo anônimo '{}' /api/ficha-qualificacao/PI023 304  7.408 ms
GET 'Mon Jul 01 2019 17:55:00 GMT-0300 (-03)' anônimo anônimo '{}' /api/ficha-qualificacao/PI023 304  5.814 ms
GET 'Mon Jul 01 2019 17:55:01 GMT-0300 (-03)' anônimo anônimo '{}' /api/ficha-qualificacao/PI023 304  5.698 ms
GET 'Mon Jul 01 2019 17:55:12 GMT-0300 (-03)' anônimo anônimo '{}' /api/ficha-qualificacao/PI023 200 1354 87.954 ms
GET 'Mon Jul 01 2019 18:01:05 GMT-0300 (-03)' anônimo anônimo '{}' /api/ficha-qualificacao/PI023 200 2412 91.800 ms
GET 'Mon Jul 01 2019 18:01:06 GMT-0300 (-03)' anônimo anônimo '{}' /api/ficha-qualificacao/PI023 304  8.160 ms
GET 'Mon Jul 01 2019 18:02:03 GMT-0300 (-03)' anônimo anônimo '{}' /api/ficha-qualificacao/PI023 200 2506 84.458 ms
GET 'Mon Jul 01 2019 18:02:27 GMT-0300 (-03)' anônimo anônimo '{}' /api/ficha-qualificacao/PI023 304  28.335 ms
GET 'Mon Jul 01 2019 18:03:36 GMT-0300 (-03)' anônimo anônimo '{}' /api/ficha-qualificacao/PI023 200 2523 88.584 ms
GET 'Mon Jul 01 2019 18:04:14 GMT-0300 (-03)' anônimo anônimo '{}' /api/indicador/PI023 200 5502 106.993 ms
GET 'Mon Jul 01 2019 18:04:53 GMT-0300 (-03)' anônimo anônimo '{}' /api/ficha-qualificacao/PI023 200 3157 90.072 ms
GET 'Mon Jul 01 2019 18:04:54 GMT-0300 (-03)' anônimo anônimo '{}' /api/ficha-qualificacao/PI023 304  7.594 ms
GET 'Wed Jul 03 2019 11:34:27 GMT-0300 (-03)' anônimo anônimo '{}' / 200 467 18.328 ms
GET 'Wed Jul 03 2019 11:34:27 GMT-0300 (-03)' anônimo anônimo '{}' /redoc.min.js 200 1062488 5.785 ms
GET 'Wed Jul 03 2019 11:34:27 GMT-0300 (-03)' anônimo anônimo '{}' /swagger.yaml 200 58122 12.185 ms
GET 'Wed Jul 03 2019 11:34:35 GMT-0300 (-03)' anônimo anônimo '{}' /docs 301 167 2.030 ms
GET 'Wed Jul 03 2019 11:34:35 GMT-0300 (-03)' anônimo anônimo '{}' /docs/ 200 5332 2.835 ms
GET 'Wed Jul 03 2019 11:34:36 GMT-0300 (-03)' anônimo anônimo '{}' /docs/css/reset.css 200 1066 8.203 ms
GET 'Wed Jul 03 2019 11:34:36 GMT-0300 (-03)' anônimo anônimo '{}' /docs/css/typography.css 200 450 12.362 ms
GET 'Wed Jul 03 2019 11:34:36 GMT-0300 (-03)' anônimo anônimo '{}' /docs/css/screen.css 200 44773 4.506 ms
GET 'Wed Jul 03 2019 11:34:36 GMT-0300 (-03)' anônimo anônimo '{}' /docs/lib/jquery.ba-bbq.min.js 200 4119 7.023 ms
GET 'Wed Jul 03 2019 11:34:36 GMT-0300 (-03)' anônimo anônimo '{}' /docs/lib/jquery-1.8.0.min.js 200 92555 9.040 ms
GET 'Wed Jul 03 2019 11:34:36 GMT-0300 (-03)' anônimo anônimo '{}' /docs/lib/jquery.slideto.min.js 200 369 9.860 ms
GET 'Wed Jul 03 2019 11:34:36 GMT-0300 (-03)' anônimo anônimo '{}' /docs/lib/js-yaml.min.js 200 43621 8.777 ms
GET 'Wed Jul 03 2019 11:34:36 GMT-0300 (-03)' anônimo anônimo '{}' /docs/lib/jquery.wiggle.min.js 200 762 8.526 ms
GET 'Wed Jul 03 2019 11:34:36 GMT-0300 (-03)' anônimo anônimo '{}' /docs/lib/handlebars-2.0.0.js 200 48517 11.488 ms
GET 'Wed Jul 03 2019 11:34:36 GMT-0300 (-03)' anônimo anônimo '{}' /docs/lib/backbone-min.js 200 20390 2.482 ms
GET 'Wed Jul 03 2019 11:34:36 GMT-0300 (-03)' anônimo anônimo '{}' /docs/lib/lodash.min.js 200 52646 3.334 ms
GET 'Wed Jul 03 2019 11:34:36 GMT-0300 (-03)' anônimo anônimo '{}' /docs/lib/highlight.7.3.pack.js 200 7499 8.675 ms
GET 'Wed Jul 03 2019 11:34:36 GMT-0300 (-03)' anônimo anônimo '{}' /docs/lib/marked.js 200 28156 4.751 ms
GET 'Wed Jul 03 2019 11:34:36 GMT-0300 (-03)' anônimo anônimo '{}' /docs/lib/jsoneditor.min.js 200 130042 7.431 ms
GET 'Wed Jul 03 2019 11:34:36 GMT-0300 (-03)' anônimo anônimo '{}' /docs/lib/swagger-oauth.js 200 11185 16.522 ms
GET 'Wed Jul 03 2019 11:34:36 GMT-0300 (-03)' anônimo anônimo '{}' /docs/css/print.css 200 42587 3.849 ms
GET 'Wed Jul 03 2019 11:34:36 GMT-0300 (-03)' anônimo anônimo '{}' /docs/swagger-ui.js 200 2268334 12.259 ms
GET 'Wed Jul 03 2019 11:34:36 GMT-0300 (-03)' anônimo anônimo '{}' /docs/images/logo_small.png 200 770 3.190 ms
HEAD 'Wed Jul 03 2019 11:34:36 GMT-0300 (-03)' anônimo anônimo '{}' /docs/ 304  1.726 ms
GET 'Wed Jul 03 2019 11:34:36 GMT-0300 (-03)' anônimo anônimo '{}' /docs/fonts/DroidSans-Bold.ttf 200 42477 2.695 ms
GET 'Wed Jul 03 2019 11:34:36 GMT-0300 (-03)' anônimo anônimo '{}' /docs/fonts/DroidSans.ttf 200 190776 2.196 ms
GET 'Wed Jul 03 2019 11:34:36 GMT-0300 (-03)' anônimo anônimo '{}' /api-docs 200  0.377 ms
GET 'Wed Jul 03 2019 11:34:54 GMT-0300 (-03)' anônimo anônimo '{}' /docs/images/throbber.gif 200 9257 3.698 ms
GET 'Wed Jul 03 2019 11:35:28 GMT-0300 (-03)' anônimo anônimo '{}' /api/ficha-qualificacao/MOR4310 200 1196 106.125 ms
GET 'Wed Jul 03 2019 11:35:43 GMT-0300 (-03)' anônimo anônimo '{}' /api/ficha-qualificacao/PI03 200 3602 25.949 ms
GET 'Wed Jul 03 2019 18:15:55 GMT-0300 (-03)' anônimo anônimo '{}' /api/indicador/MOR4310/resultset?tipo=BR&formato=CSV 500 542 329.169 ms
GET 'Wed Jul 03 2019 18:17:17 GMT-0300 (-03)' anônimo anônimo '{}' /docs/ 304  18.179 ms
GET 'Wed Jul 03 2019 18:17:17 GMT-0300 (-03)' anônimo anônimo '{}' /docs/css/typography.css 304  5.645 ms
GET 'Wed Jul 03 2019 18:17:17 GMT-0300 (-03)' anônimo anônimo '{}' /docs/css/reset.css 304  5.715 ms
GET 'Wed Jul 03 2019 18:17:17 GMT-0300 (-03)' anônimo anônimo '{}' /docs/css/screen.css 304  6.249 ms
GET 'Wed Jul 03 2019 18:17:17 GMT-0300 (-03)' anônimo anônimo '{}' /docs/lib/jquery-1.8.0.min.js 304  4.510 ms
GET 'Wed Jul 03 2019 18:17:17 GMT-0300 (-03)' anônimo anônimo '{}' /docs/lib/jquery.slideto.min.js 304  0.618 ms
GET 'Wed Jul 03 2019 18:17:17 GMT-0300 (-03)' anônimo anônimo '{}' /docs/lib/jquery.ba-bbq.min.js 304  2.474 ms
GET 'Wed Jul 03 2019 18:17:17 GMT-0300 (-03)' anônimo anônimo '{}' /docs/lib/jquery.wiggle.min.js 304  4.834 ms
GET 'Wed Jul 03 2019 18:17:17 GMT-0300 (-03)' anônimo anônimo '{}' /docs/lib/handlebars-2.0.0.js 304  1.425 ms
GET 'Wed Jul 03 2019 18:17:17 GMT-0300 (-03)' anônimo anônimo '{}' /docs/lib/js-yaml.min.js 304  2.010 ms
GET 'Wed Jul 03 2019 18:17:17 GMT-0300 (-03)' anônimo anônimo '{}' /docs/lib/lodash.min.js 304  0.799 ms
GET 'Wed Jul 03 2019 18:17:17 GMT-0300 (-03)' anônimo anônimo '{}' /docs/lib/backbone-min.js 304  0.547 ms
GET 'Wed Jul 03 2019 18:17:17 GMT-0300 (-03)' anônimo anônimo '{}' /docs/swagger-ui.js 304  0.575 ms
GET 'Wed Jul 03 2019 18:17:17 GMT-0300 (-03)' anônimo anônimo '{}' /docs/lib/highlight.7.3.pack.js 304  2.741 ms
GET 'Wed Jul 03 2019 18:17:17 GMT-0300 (-03)' anônimo anônimo '{}' /docs/lib/jsoneditor.min.js 304  2.589 ms
GET 'Wed Jul 03 2019 18:17:17 GMT-0300 (-03)' anônimo anônimo '{}' /docs/lib/marked.js 304  2.194 ms
GET 'Wed Jul 03 2019 18:17:17 GMT-0300 (-03)' anônimo anônimo '{}' /docs/lib/swagger-oauth.js 304  2.200 ms
GET 'Wed Jul 03 2019 18:17:17 GMT-0300 (-03)' anônimo anônimo '{}' /docs/css/print.css 304  0.868 ms
GET 'Wed Jul 03 2019 18:17:18 GMT-0300 (-03)' anônimo anônimo '{}' /docs/images/logo_small.png 304  0.627 ms
HEAD 'Wed Jul 03 2019 18:17:18 GMT-0300 (-03)' anônimo anônimo '{}' /docs/ 304  0.678 ms
GET 'Wed Jul 03 2019 18:17:18 GMT-0300 (-03)' anônimo anônimo '{}' /docs/fonts/DroidSans-Bold.ttf 304  1.658 ms
GET 'Wed Jul 03 2019 18:17:18 GMT-0300 (-03)' anônimo anônimo '{}' /docs/fonts/DroidSans.ttf 304  1.730 ms
GET 'Wed Jul 03 2019 18:17:18 GMT-0300 (-03)' anônimo anônimo '{}' /api-docs 200  0.676 ms
GET 'Wed Jul 03 2019 18:17:19 GMT-0300 (-03)' anônimo anônimo '{}' /docs/images/favicon-32x32.png 200 1654 8.057 ms
GET 'Wed Jul 03 2019 18:17:26 GMT-0300 (-03)' anônimo anônimo '{}' /docs/images/throbber.gif 304  0.592 ms
GET 'Wed Jul 03 2019 18:17:42 GMT-0300 (-03)' anônimo anônimo '{}' /api/indicador/MOR4310/resultset?tipo=BR&formato=JSON 200 834 328.971 ms
GET 'Wed Jul 03 2019 18:17:53 GMT-0300 (-03)' anônimo anônimo '{}' /api/indicador/MOR4310/resultset?tipo=BR&formato=JSON 304  198.239 ms
GET 'Wed Jul 03 2019 18:18:07 GMT-0300 (-03)' anônimo anônimo '{}' /api/indicador/MOR4310/resultset?tipo=BR&formato=CSV 500 542 190.086 ms
GET 'Wed Jul 03 2019 18:24:39 GMT-0300 (-03)' anônimo anônimo '{}' /docs/ 304  10.555 ms
GET 'Wed Jul 03 2019 18:24:39 GMT-0300 (-03)' anônimo anônimo '{}' /docs/css/typography.css 304  4.278 ms
GET 'Wed Jul 03 2019 18:24:39 GMT-0300 (-03)' anônimo anônimo '{}' /docs/css/reset.css 304  3.498 ms
GET 'Wed Jul 03 2019 18:24:39 GMT-0300 (-03)' anônimo anônimo '{}' /docs/css/screen.css 304  0.627 ms
GET 'Wed Jul 03 2019 18:24:39 GMT-0300 (-03)' anônimo anônimo '{}' /docs/lib/jquery.ba-bbq.min.js 304  1.740 ms
GET 'Wed Jul 03 2019 18:24:39 GMT-0300 (-03)' anônimo anônimo '{}' /docs/lib/handlebars-2.0.0.js 304  1.524 ms
GET 'Wed Jul 03 2019 18:24:39 GMT-0300 (-03)' anônimo anônimo '{}' /docs/lib/jquery-1.8.0.min.js 304  1.417 ms
GET 'Wed Jul 03 2019 18:24:39 GMT-0300 (-03)' anônimo anônimo '{}' /docs/lib/js-yaml.min.js 304  6.614 ms
GET 'Wed Jul 03 2019 18:24:39 GMT-0300 (-03)' anônimo anônimo '{}' /docs/lib/jquery.slideto.min.js 304  3.549 ms
GET 'Wed Jul 03 2019 18:24:39 GMT-0300 (-03)' anônimo anônimo '{}' /docs/lib/lodash.min.js 304  3.552 ms
GET 'Wed Jul 03 2019 18:24:39 GMT-0300 (-03)' anônimo anônimo '{}' /docs/lib/backbone-min.js 304  3.245 ms
GET 'Wed Jul 03 2019 18:24:39 GMT-0300 (-03)' anônimo anônimo '{}' /docs/swagger-ui.js 304  2.015 ms
GET 'Wed Jul 03 2019 18:24:39 GMT-0300 (-03)' anônimo anônimo '{}' /docs/lib/jquery.wiggle.min.js 304  1.810 ms
GET 'Wed Jul 03 2019 18:24:39 GMT-0300 (-03)' anônimo anônimo '{}' /docs/lib/highlight.7.3.pack.js 304  10.158 ms
GET 'Wed Jul 03 2019 18:24:39 GMT-0300 (-03)' anônimo anônimo '{}' /docs/lib/jsoneditor.min.js 304  11.565 ms
GET 'Wed Jul 03 2019 18:24:39 GMT-0300 (-03)' anônimo anônimo '{}' /docs/lib/marked.js 304  0.744 ms
GET 'Wed Jul 03 2019 18:24:39 GMT-0300 (-03)' anônimo anônimo '{}' /docs/lib/swagger-oauth.js 304  1.254 ms
GET 'Wed Jul 03 2019 18:24:39 GMT-0300 (-03)' anônimo anônimo '{}' /docs/css/print.css 304  1.174 ms
GET 'Wed Jul 03 2019 18:24:40 GMT-0300 (-03)' anônimo anônimo '{}' /docs/images/logo_small.png 304  0.421 ms
HEAD 'Wed Jul 03 2019 18:24:40 GMT-0300 (-03)' anônimo anônimo '{}' /docs/ 304  0.832 ms
GET 'Wed Jul 03 2019 18:24:40 GMT-0300 (-03)' anônimo anônimo '{}' /docs/fonts/DroidSans-Bold.ttf 304  2.056 ms
GET 'Wed Jul 03 2019 18:24:40 GMT-0300 (-03)' anônimo anônimo '{}' /docs/fonts/DroidSans.ttf 304  1.919 ms
GET 'Wed Jul 03 2019 18:24:40 GMT-0300 (-03)' anônimo anônimo '{}' /api-docs 200  0.783 ms
GET 'Wed Jul 03 2019 18:24:41 GMT-0300 (-03)' anônimo anônimo '{}' /docs/images/throbber.gif 304  0.997 ms
GET 'Wed Jul 03 2019 18:24:41 GMT-0300 (-03)' anônimo anônimo '{}' /docs/images/favicon-32x32.png 200 1654 6.191 ms
GET 'Wed Jul 03 2019 18:24:55 GMT-0300 (-03)' anônimo anônimo '{}' /api/indicador/MOR4310/resultset?tipo=BR&formato=CSV 500 542 315.020 ms
GET 'Wed Jul 03 2019 18:25:02 GMT-0300 (-03)' anônimo anônimo '{}' /api/indicador/MOR4310/resultset?tipo=BR&formato=JSON 304  168.940 ms
GET 'Wed Jul 03 2019 18:25:15 GMT-0300 (-03)' anônimo anônimo '{}' /api/indicador/MOR4310/resultset?tipo=BR&formato=LIN 500 834 174.650 ms
GET 'Wed Jul 03 2019 18:25:23 GMT-0300 (-03)' anônimo anônimo '{}' /api/indicador/MOR4310/resultset?tipo=BR&formato=CSV 500 542 164.932 ms
GET 'Wed Jul 03 2019 18:25:28 GMT-0300 (-03)' anônimo anônimo '{}' /api/indicador/MOR4310/resultset?tipo=BR&formato=LIN 500 834 165.296 ms
GET 'Wed Jul 03 2019 18:25:41 GMT-0300 (-03)' anônimo anônimo '{}' /api/indicador/MOR4310/resultset?tipo=BR&formato=LIN 200 834 300.205 ms
GET 'Wed Jul 03 2019 18:25:50 GMT-0300 (-03)' anônimo anônimo '{}' /api/indicador/MOR4310/resultset?tipo=BR&formato=CDA 200 1350 163.821 ms
GET 'Wed Jul 03 2019 18:25:59 GMT-0300 (-03)' anônimo anônimo '{}' /api/indicador/MOR4310/resultset?tipo=BR&formato=TAB 200 1101 163.868 ms
GET 'Wed Jul 03 2019 18:26:09 GMT-0300 (-03)' anônimo anônimo '{}' /api/indicador/MOR4310/resultset?tipo=BR&formato=JSON 304  164.454 ms
GET 'Wed Jul 03 2019 18:32:47 GMT-0300 (-03)' anônimo anônimo '{}' /api/indicador/MOR4310/resultset?tipo=BR&formato=CSV 500 542 227.605 ms
GET 'Wed Jul 03 2019 18:33:26 GMT-0300 (-03)' anônimo anônimo '{}' /api/indicador/MOR4310/resultset?tipo=BR&formato=CSV 500 542 214.444 ms
GET 'Wed Jul 03 2019 18:36:10 GMT-0300 (-03)' anônimo anônimo '{}' /docs/ 200 5332 9.968 ms
GET 'Wed Jul 03 2019 18:36:11 GMT-0300 (-03)' anônimo anônimo '{}' /docs/css/typography.css 200 450 9.650 ms
GET 'Wed Jul 03 2019 18:36:11 GMT-0300 (-03)' anônimo anônimo '{}' /docs/css/reset.css 200 1066 17.633 ms
GET 'Wed Jul 03 2019 18:36:11 GMT-0300 (-03)' anônimo anônimo '{}' /docs/css/screen.css 200 44773 17.989 ms
GET 'Wed Jul 03 2019 18:36:11 GMT-0300 (-03)' anônimo anônimo '{}' /docs/lib/jquery.slideto.min.js 200 369 15.156 ms
GET 'Wed Jul 03 2019 18:36:11 GMT-0300 (-03)' anônimo anônimo '{}' /docs/lib/jquery-1.8.0.min.js 200 92555 12.032 ms
GET 'Wed Jul 03 2019 18:36:11 GMT-0300 (-03)' anônimo anônimo '{}' /docs/lib/jquery.wiggle.min.js 200 762 12.082 ms
GET 'Wed Jul 03 2019 18:36:11 GMT-0300 (-03)' anônimo anônimo '{}' /docs/lib/handlebars-2.0.0.js 200 48517 12.286 ms
GET 'Wed Jul 03 2019 18:36:11 GMT-0300 (-03)' anônimo anônimo '{}' /docs/lib/jquery.ba-bbq.min.js 200 4119 6.450 ms
GET 'Wed Jul 03 2019 18:36:11 GMT-0300 (-03)' anônimo anônimo '{}' /docs/lib/js-yaml.min.js 200 43621 10.806 ms
GET 'Wed Jul 03 2019 18:36:11 GMT-0300 (-03)' anônimo anônimo '{}' /docs/lib/backbone-min.js 200 20390 10.836 ms
GET 'Wed Jul 03 2019 18:36:11 GMT-0300 (-03)' anônimo anônimo '{}' /docs/lib/lodash.min.js 200 52646 11.580 ms
GET 'Wed Jul 03 2019 18:36:11 GMT-0300 (-03)' anônimo anônimo '{}' /docs/lib/highlight.7.3.pack.js 200 7499 12.182 ms
GET 'Wed Jul 03 2019 18:36:11 GMT-0300 (-03)' anônimo anônimo '{}' /docs/lib/marked.js 200 28156 8.913 ms
GET 'Wed Jul 03 2019 18:36:11 GMT-0300 (-03)' anônimo anônimo '{}' /docs/lib/swagger-oauth.js 200 11185 4.702 ms
GET 'Wed Jul 03 2019 18:36:11 GMT-0300 (-03)' anônimo anônimo '{}' /docs/css/print.css 200 42587 12.456 ms
GET 'Wed Jul 03 2019 18:36:11 GMT-0300 (-03)' anônimo anônimo '{}' /docs/lib/jsoneditor.min.js 200 130042 9.040 ms
GET 'Wed Jul 03 2019 18:36:11 GMT-0300 (-03)' anônimo anônimo '{}' /docs/swagger-ui.js 200 2268334 14.466 ms
GET 'Wed Jul 03 2019 18:36:11 GMT-0300 (-03)' anônimo anônimo '{}' /docs/images/logo_small.png 200 770 1.909 ms
GET 'Wed Jul 03 2019 18:36:11 GMT-0300 (-03)' anônimo anônimo '{}' /docs/fonts/DroidSans-Bold.ttf 200 42477 3.020 ms
GET 'Wed Jul 03 2019 18:36:11 GMT-0300 (-03)' anônimo anônimo '{}' /docs/fonts/DroidSans.ttf 200 190776 2.199 ms
HEAD 'Wed Jul 03 2019 18:36:11 GMT-0300 (-03)' anônimo anônimo '{}' /docs/ 200 5332 0.745 ms
GET 'Wed Jul 03 2019 18:36:11 GMT-0300 (-03)' anônimo anônimo '{}' /api-docs 200  0.982 ms
GET 'Wed Jul 03 2019 18:36:12 GMT-0300 (-03)' anônimo anônimo '{}' /docs/images/favicon-32x32.png 200 1654 2.677 ms
GET 'Wed Jul 03 2019 18:36:12 GMT-0300 (-03)' anônimo anônimo '{}' /docs/images/throbber.gif 304  1.691 ms
GET 'Wed Jul 03 2019 18:36:40 GMT-0300 (-03)' anônimo anônimo '{}' /api/indicador/MOR4310/resultset?tipo=BR&formato=LIN 304  202.235 ms
GET 'Wed Jul 03 2019 18:36:47 GMT-0300 (-03)' anônimo anônimo '{}' /api/indicador/MOR4310/resultset?tipo=BR&formato=JSON 304  148.312 ms
GET 'Wed Jul 03 2019 18:36:52 GMT-0300 (-03)' anônimo anônimo '{}' /api/indicador/MOR4310/resultset?tipo=BR&formato=CSV 500 542 149.243 ms
GET 'Wed Jul 03 2019 18:37:23 GMT-0300 (-03)' anônimo anônimo '{}' /docs/ 304  7.650 ms
GET 'Wed Jul 03 2019 18:37:23 GMT-0300 (-03)' anônimo anônimo '{}' /docs/css/typography.css 304  5.621 ms
GET 'Wed Jul 03 2019 18:37:23 GMT-0300 (-03)' anônimo anônimo '{}' /docs/css/reset.css 304  1.445 ms
GET 'Wed Jul 03 2019 18:37:23 GMT-0300 (-03)' anônimo anônimo '{}' /docs/css/screen.css 304  2.343 ms
GET 'Wed Jul 03 2019 18:37:23 GMT-0300 (-03)' anônimo anônimo '{}' /docs/lib/jquery-1.8.0.min.js 304  1.703 ms
GET 'Wed Jul 03 2019 18:37:23 GMT-0300 (-03)' anônimo anônimo '{}' /docs/lib/jquery.slideto.min.js 304  1.330 ms
GET 'Wed Jul 03 2019 18:37:23 GMT-0300 (-03)' anônimo anônimo '{}' /docs/lib/jquery.wiggle.min.js 304  0.910 ms
GET 'Wed Jul 03 2019 18:37:23 GMT-0300 (-03)' anônimo anônimo '{}' /docs/lib/jquery.ba-bbq.min.js 304  0.805 ms
GET 'Wed Jul 03 2019 18:37:23 GMT-0300 (-03)' anônimo anônimo '{}' /docs/lib/handlebars-2.0.0.js 304  1.762 ms
GET 'Wed Jul 03 2019 18:37:23 GMT-0300 (-03)' anônimo anônimo '{}' /docs/lib/js-yaml.min.js 304  1.363 ms
GET 'Wed Jul 03 2019 18:37:23 GMT-0300 (-03)' anônimo anônimo '{}' /docs/lib/lodash.min.js 304  1.290 ms
GET 'Wed Jul 03 2019 18:37:23 GMT-0300 (-03)' anônimo anônimo '{}' /docs/lib/backbone-min.js 304  3.675 ms
GET 'Wed Jul 03 2019 18:37:23 GMT-0300 (-03)' anônimo anônimo '{}' /docs/swagger-ui.js 304  3.103 ms
GET 'Wed Jul 03 2019 18:37:23 GMT-0300 (-03)' anônimo anônimo '{}' /docs/lib/highlight.7.3.pack.js 304  2.918 ms
GET 'Wed Jul 03 2019 18:37:23 GMT-0300 (-03)' anônimo anônimo '{}' /docs/lib/jsoneditor.min.js 304  4.588 ms
GET 'Wed Jul 03 2019 18:37:23 GMT-0300 (-03)' anônimo anônimo '{}' /docs/lib/marked.js 304  5.957 ms
GET 'Wed Jul 03 2019 18:37:23 GMT-0300 (-03)' anônimo anônimo '{}' /docs/lib/swagger-oauth.js 304  0.962 ms
GET 'Wed Jul 03 2019 18:37:23 GMT-0300 (-03)' anônimo anônimo '{}' /docs/css/print.css 304  0.859 ms
GET 'Wed Jul 03 2019 18:37:24 GMT-0300 (-03)' anônimo anônimo '{}' /docs/images/logo_small.png 304  0.751 ms
GET 'Wed Jul 03 2019 18:37:24 GMT-0300 (-03)' anônimo anônimo '{}' /docs/fonts/DroidSans.ttf 304  0.488 ms
HEAD 'Wed Jul 03 2019 18:37:24 GMT-0300 (-03)' anônimo anônimo '{}' /docs/ 304  0.759 ms
GET 'Wed Jul 03 2019 18:37:24 GMT-0300 (-03)' anônimo anônimo '{}' /docs/fonts/DroidSans-Bold.ttf 304  3.568 ms
GET 'Wed Jul 03 2019 18:37:24 GMT-0300 (-03)' anônimo anônimo '{}' /api-docs 200  0.538 ms
GET 'Wed Jul 03 2019 18:37:25 GMT-0300 (-03)' anônimo anônimo '{}' /docs/images/favicon-32x32.png 200 1654 6.920 ms
GET 'Wed Jul 03 2019 18:37:25 GMT-0300 (-03)' anônimo anônimo '{}' /docs/images/throbber.gif 304  1.145 ms
GET 'Wed Jul 03 2019 18:37:48 GMT-0300 (-03)' anônimo anônimo '{}' /api/indicador/MOR4310/resultset?tipo=BR&formato=JSON 304  305.019 ms
GET 'Wed Jul 03 2019 18:37:54 GMT-0300 (-03)' anônimo anônimo '{}' /api/indicador/MOR4310/resultset?tipo=BR&formato=CSV 500 542 184.291 ms
GET 'Wed Jul 03 2019 18:39:12 GMT-0300 (-03)' anônimo anônimo '{}' /docs/ 200 5332 15.370 ms
GET 'Wed Jul 03 2019 18:39:12 GMT-0300 (-03)' anônimo anônimo '{}' /docs/css/typography.css 200 450 27.763 ms
GET 'Wed Jul 03 2019 18:39:12 GMT-0300 (-03)' anônimo anônimo '{}' /docs/css/reset.css 200 1066 33.778 ms
GET 'Wed Jul 03 2019 18:39:12 GMT-0300 (-03)' anônimo anônimo '{}' /docs/css/screen.css 200 44773 26.403 ms
GET 'Wed Jul 03 2019 18:39:12 GMT-0300 (-03)' anônimo anônimo '{}' /docs/lib/jquery.slideto.min.js 200 369 4.138 ms
GET 'Wed Jul 03 2019 18:39:12 GMT-0300 (-03)' anônimo anônimo '{}' /docs/lib/jquery-1.8.0.min.js 200 92555 7.535 ms
GET 'Wed Jul 03 2019 18:39:12 GMT-0300 (-03)' anônimo anônimo '{}' /docs/lib/jquery.ba-bbq.min.js 200 4119 5.808 ms
GET 'Wed Jul 03 2019 18:39:12 GMT-0300 (-03)' anônimo anônimo '{}' /docs/lib/jquery.wiggle.min.js 200 762 5.592 ms
GET 'Wed Jul 03 2019 18:39:12 GMT-0300 (-03)' anônimo anônimo '{}' /docs/lib/handlebars-2.0.0.js 200 48517 6.395 ms
GET 'Wed Jul 03 2019 18:39:12 GMT-0300 (-03)' anônimo anônimo '{}' /docs/lib/js-yaml.min.js 200 43621 12.658 ms
GET 'Wed Jul 03 2019 18:39:12 GMT-0300 (-03)' anônimo anônimo '{}' /docs/lib/lodash.min.js 200 52646 13.502 ms
GET 'Wed Jul 03 2019 18:39:12 GMT-0300 (-03)' anônimo anônimo '{}' /docs/lib/backbone-min.js 200 20390 8.410 ms
GET 'Wed Jul 03 2019 18:39:12 GMT-0300 (-03)' anônimo anônimo '{}' /docs/lib/highlight.7.3.pack.js 200 7499 7.753 ms
GET 'Wed Jul 03 2019 18:39:12 GMT-0300 (-03)' anônimo anônimo '{}' /docs/lib/marked.js 200 28156 6.224 ms
GET 'Wed Jul 03 2019 18:39:12 GMT-0300 (-03)' anônimo anônimo '{}' /docs/lib/jsoneditor.min.js 200 130042 6.802 ms
GET 'Wed Jul 03 2019 18:39:12 GMT-0300 (-03)' anônimo anônimo '{}' /docs/lib/swagger-oauth.js 200 11185 10.080 ms
GET 'Wed Jul 03 2019 18:39:12 GMT-0300 (-03)' anônimo anônimo '{}' /docs/css/print.css 200 42587 4.223 ms
GET 'Wed Jul 03 2019 18:39:12 GMT-0300 (-03)' anônimo anônimo '{}' /docs/swagger-ui.js 200 2268334 5.649 ms
GET 'Wed Jul 03 2019 18:39:12 GMT-0300 (-03)' anônimo anônimo '{}' /docs/images/logo_small.png 200 770 3.267 ms
GET 'Wed Jul 03 2019 18:39:12 GMT-0300 (-03)' anônimo anônimo '{}' /docs/fonts/DroidSans-Bold.ttf 200 42477 3.859 ms
GET 'Wed Jul 03 2019 18:39:12 GMT-0300 (-03)' anônimo anônimo '{}' /docs/fonts/DroidSans.ttf 200 190776 6.621 ms
HEAD 'Wed Jul 03 2019 18:39:12 GMT-0300 (-03)' anônimo anônimo '{}' /docs/ 200 5332 0.844 ms
GET 'Wed Jul 03 2019 18:39:12 GMT-0300 (-03)' anônimo anônimo '{}' /api-docs 200  0.312 ms
GET 'Wed Jul 03 2019 18:39:14 GMT-0300 (-03)' anônimo anônimo '{}' /docs/images/favicon-32x32.png 200 1654 2.011 ms
GET 'Wed Jul 03 2019 18:39:14 GMT-0300 (-03)' anônimo anônimo '{}' /docs/images/throbber.gif 304  2.040 ms
GET 'Wed Jul 03 2019 18:39:39 GMT-0300 (-03)' anônimo anônimo '{}' /api/indicador/MOR4310/resultset?tipo=BR&formato=JSON 304  315.613 ms
GET 'Wed Jul 03 2019 18:39:45 GMT-0300 (-03)' anônimo anônimo '{}' /api/indicador/MOR4310/resultset?tipo=BR&formato=CSV 500 542 182.228 ms
GET 'Wed Jul 03 2019 18:41:51 GMT-0300 (-03)' anônimo anônimo '{}' /api/indicador/MOR4310/resultset?tipo=BR&formato=CSV 500 542 298.554 ms
GET 'Wed Jul 03 2019 18:43:12 GMT-0300 (-03)' anônimo anônimo '{}' /api/indicador/MOR4310/resultset?tipo=BR&formato=CSV 500 542 349.402 ms
GET 'Wed Jul 03 2019 19:00:31 GMT-0300 (-03)' anônimo anônimo '{}' /api/indicador/MOR4310/resultset?tipo=BR&formato=CSV 500 542 207.394 ms
GET 'Wed Jul 03 2019 19:01:30 GMT-0300 (-03)' anônimo anônimo '{}' /api/indicador/MOR4310/resultset?tipo=BR&formato=CSV 200 542 295.529 ms
GET 'Wed Jul 03 2019 19:01:39 GMT-0300 (-03)' anônimo anônimo '{}' /api/indicador/MOR4310/resultset?tipo=BR&formato=CSV 304  302.198 ms
GET 'Wed Jul 03 2019 19:01:40 GMT-0300 (-03)' anônimo anônimo '{}' /api/indicador/MOR4310/resultset?tipo=BR&formato=CSV 304  168.404 ms
GET 'Wed Jul 03 2019 19:02:02 GMT-0300 (-03)' anônimo anônimo '{}' /api/indicador/MOR4310/resultset?tipo=BR&formato=CSV 304  291.986 ms
GET 'Wed Jul 03 2019 19:02:03 GMT-0300 (-03)' anônimo anônimo '{}' /api/indicador/MOR4310/resultset?tipo=BR&formato=CSV 304  164.019 ms
GET 'Wed Jul 03 2019 19:03:01 GMT-0300 (-03)' anônimo anônimo '{}' /api/indicador/MOR4310/resultset?tipo=BR&formato=CSV 304  200.189 ms
GET 'Wed Jul 03 2019 19:03:07 GMT-0300 (-03)' anônimo anônimo '{}' /api/indicador/MOR4310/resultset?tipo=BR&formato=JSON 304  172.210 ms
GET 'Wed Jul 03 2019 19:03:13 GMT-0300 (-03)' anônimo anônimo '{}' /api/indicador/MOR4310/resultset?tipo=BR&formato=TAB 304  162.840 ms
GET 'Wed Jul 03 2019 19:03:20 GMT-0300 (-03)' anônimo anônimo '{}' /api/indicador/MOR4310/resultset?tipo=BR&formato=CDA 304  165.255 ms
GET 'Wed Jul 03 2019 19:03:49 GMT-0300 (-03)' anônimo anônimo '{}' /api/indicador/MOR4310/resultset?tipo=BR&formato=CSV 304  181.704 ms
GET 'Wed Jul 03 2019 19:04:24 GMT-0300 (-03)' anônimo anônimo '{}' /api/indicador/MOR4310/resultset?tipo=BR&formato=CSV 304  346.521 ms
GET 'Wed Jul 03 2019 19:04:38 GMT-0300 (-03)' anônimo anônimo '{}' /api/indicador/MOR4310/resultset?tipo=BR&formato=JSON 304  202.459 ms
GET 'Wed Jul 03 2019 19:04:42 GMT-0300 (-03)' anônimo anônimo '{}' /api/indicador/MOR4310/resultset?tipo=BR&formato=JSON 304  182.231 ms
