GET 'Mon Jul 01 2019 16:23:06 GMT-0300 (-03)' anônimo anônimo '{}' / 200 467 14.596 ms
GET 'Mon Jul 01 2019 16:23:07 GMT-0300 (-03)' anônimo anônimo '{}' /redoc.min.js 200 1062488 7.457 ms
GET 'Mon Jul 01 2019 16:23:07 GMT-0300 (-03)' anônimo anônimo '{}' /swagger.yaml 200 57311 8.850 ms
GET 'Mon Jul 01 2019 16:23:12 GMT-0300 (-03)' anônimo anônimo '{}' /favicon.ico 404 150 5.729 ms
GET 'Mon Jul 01 2019 16:23:17 GMT-0300 (-03)' anônimo anônimo '{}' /docs 301 167 4.860 ms
GET 'Mon Jul 01 2019 16:23:17 GMT-0300 (-03)' anônimo anônimo '{}' /docs/ 200 5332 6.768 ms
GET 'Mon Jul 01 2019 16:23:17 GMT-0300 (-03)' anônimo anônimo '{}' /docs/css/typography.css 200 450 11.184 ms
GET 'Mon Jul 01 2019 16:23:17 GMT-0300 (-03)' anônimo anônimo '{}' /docs/css/reset.css 200 1066 16.578 ms
GET 'Mon Jul 01 2019 16:23:17 GMT-0300 (-03)' anônimo anônimo '{}' /docs/css/screen.css 200 44773 10.204 ms
GET 'Mon Jul 01 2019 16:23:17 GMT-0300 (-03)' anônimo anônimo '{}' /docs/lib/jquery.slideto.min.js 200 369 8.900 ms
GET 'Mon Jul 01 2019 16:23:17 GMT-0300 (-03)' anônimo anônimo '{}' /docs/lib/jquery.wiggle.min.js 200 762 10.346 ms
GET 'Mon Jul 01 2019 16:23:17 GMT-0300 (-03)' anônimo anônimo '{}' /docs/lib/jquery-1.8.0.min.js 200 92555 13.439 ms
GET 'Mon Jul 01 2019 16:23:17 GMT-0300 (-03)' anônimo anônimo '{}' /docs/lib/jquery.ba-bbq.min.js 200 4119 7.228 ms
GET 'Mon Jul 01 2019 16:23:17 GMT-0300 (-03)' anônimo anônimo '{}' /docs/lib/handlebars-2.0.0.js 200 48517 3.974 ms
GET 'Mon Jul 01 2019 16:23:17 GMT-0300 (-03)' anônimo anônimo '{}' /docs/lib/js-yaml.min.js 200 43621 4.058 ms
GET 'Mon Jul 01 2019 16:23:17 GMT-0300 (-03)' anônimo anônimo '{}' /docs/lib/lodash.min.js 200 52646 4.893 ms
GET 'Mon Jul 01 2019 16:23:17 GMT-0300 (-03)' anônimo anônimo '{}' /docs/lib/backbone-min.js 200 20390 7.853 ms
GET 'Mon Jul 01 2019 16:23:17 GMT-0300 (-03)' anônimo anônimo '{}' /docs/lib/highlight.7.3.pack.js 200 7499 10.417 ms
GET 'Mon Jul 01 2019 16:23:17 GMT-0300 (-03)' anônimo anônimo '{}' /docs/lib/marked.js 200 28156 10.182 ms
GET 'Mon Jul 01 2019 16:23:17 GMT-0300 (-03)' anônimo anônimo '{}' /docs/lib/swagger-oauth.js 200 11185 8.344 ms
GET 'Mon Jul 01 2019 16:23:17 GMT-0300 (-03)' anônimo anônimo '{}' /docs/css/print.css 200 42587 4.849 ms
GET 'Mon Jul 01 2019 16:23:17 GMT-0300 (-03)' anônimo anônimo '{}' /docs/lib/jsoneditor.min.js 200 130042 10.475 ms
GET 'Mon Jul 01 2019 16:23:18 GMT-0300 (-03)' anônimo anônimo '{}' /docs/swagger-ui.js 200 2268334 6.161 ms
GET 'Mon Jul 01 2019 16:23:18 GMT-0300 (-03)' anônimo anônimo '{}' /docs/images/logo_small.png 200 770 9.471 ms
HEAD 'Mon Jul 01 2019 16:23:18 GMT-0300 (-03)' anônimo anônimo '{}' /docs/ 304  2.089 ms
GET 'Mon Jul 01 2019 16:23:18 GMT-0300 (-03)' anônimo anônimo '{}' /docs/fonts/DroidSans-Bold.ttf 200 42477 1.783 ms
GET 'Mon Jul 01 2019 16:23:18 GMT-0300 (-03)' anônimo anônimo '{}' /docs/fonts/DroidSans.ttf 200 190776 1.771 ms
GET 'Mon Jul 01 2019 16:23:18 GMT-0300 (-03)' anônimo anônimo '{}' /api-docs 200  0.391 ms
GET 'Mon Jul 01 2019 16:23:33 GMT-0300 (-03)' anônimo anônimo '{}' /docs/images/throbber.gif 200 9257 2.464 ms
GET 'Mon Jul 01 2019 16:30:55 GMT-0300 (-03)' anônimo anônimo '{}' /docs/ 200 5332 11.698 ms
GET 'Mon Jul 01 2019 16:30:55 GMT-0300 (-03)' anônimo anônimo '{}' /docs/css/typography.css 200 450 6.418 ms
GET 'Mon Jul 01 2019 16:30:55 GMT-0300 (-03)' anônimo anônimo '{}' /docs/css/reset.css 200 1066 20.766 ms
GET 'Mon Jul 01 2019 16:30:55 GMT-0300 (-03)' anônimo anônimo '{}' /docs/css/screen.css 200 44773 13.437 ms
GET 'Mon Jul 01 2019 16:30:55 GMT-0300 (-03)' anônimo anônimo '{}' /docs/lib/jquery.ba-bbq.min.js 200 4119 14.970 ms
GET 'Mon Jul 01 2019 16:30:55 GMT-0300 (-03)' anônimo anônimo '{}' /docs/lib/jquery.slideto.min.js 200 369 6.101 ms
GET 'Mon Jul 01 2019 16:30:55 GMT-0300 (-03)' anônimo anônimo '{}' /docs/lib/jquery.wiggle.min.js 200 762 6.304 ms
GET 'Mon Jul 01 2019 16:30:55 GMT-0300 (-03)' anônimo anônimo '{}' /docs/lib/handlebars-2.0.0.js 200 48517 13.553 ms
GET 'Mon Jul 01 2019 16:30:55 GMT-0300 (-03)' anônimo anônimo '{}' /docs/lib/js-yaml.min.js 200 43621 13.261 ms
GET 'Mon Jul 01 2019 16:30:55 GMT-0300 (-03)' anônimo anônimo '{}' /docs/lib/jquery-1.8.0.min.js 200 92555 10.871 ms
GET 'Mon Jul 01 2019 16:30:55 GMT-0300 (-03)' anônimo anônimo '{}' /docs/lib/backbone-min.js 200 20390 7.190 ms
GET 'Mon Jul 01 2019 16:30:55 GMT-0300 (-03)' anônimo anônimo '{}' /docs/lib/highlight.7.3.pack.js 200 7499 9.099 ms
GET 'Mon Jul 01 2019 16:30:55 GMT-0300 (-03)' anônimo anônimo '{}' /docs/lib/lodash.min.js 200 52646 7.560 ms
GET 'Mon Jul 01 2019 16:30:55 GMT-0300 (-03)' anônimo anônimo '{}' /docs/lib/marked.js 200 28156 7.921 ms
GET 'Mon Jul 01 2019 16:30:55 GMT-0300 (-03)' anônimo anônimo '{}' /docs/lib/jsoneditor.min.js 200 130042 7.618 ms
GET 'Mon Jul 01 2019 16:30:55 GMT-0300 (-03)' anônimo anônimo '{}' /docs/css/print.css 200 42587 2.578 ms
GET 'Mon Jul 01 2019 16:30:55 GMT-0300 (-03)' anônimo anônimo '{}' /docs/lib/swagger-oauth.js 200 11185 6.673 ms
GET 'Mon Jul 01 2019 16:30:55 GMT-0300 (-03)' anônimo anônimo '{}' /docs/swagger-ui.js 200 2268334 5.521 ms
GET 'Mon Jul 01 2019 16:30:55 GMT-0300 (-03)' anônimo anônimo '{}' /docs/images/logo_small.png 200 770 3.564 ms
GET 'Mon Jul 01 2019 16:30:55 GMT-0300 (-03)' anônimo anônimo '{}' /docs/fonts/DroidSans-Bold.ttf 200 42477 1.940 ms
GET 'Mon Jul 01 2019 16:30:55 GMT-0300 (-03)' anônimo anônimo '{}' /docs/fonts/DroidSans.ttf 200 190776 2.222 ms
HEAD 'Mon Jul 01 2019 16:30:55 GMT-0300 (-03)' anônimo anônimo '{}' /docs/ 200 5332 0.665 ms
GET 'Mon Jul 01 2019 16:30:55 GMT-0300 (-03)' anônimo anônimo '{}' /api-docs 200  0.259 ms
GET 'Mon Jul 01 2019 16:30:56 GMT-0300 (-03)' anônimo anônimo '{}' /docs/images/favicon-32x32.png 200 1654 3.336 ms
GET 'Mon Jul 01 2019 16:30:56 GMT-0300 (-03)' anônimo anônimo '{}' /docs/images/throbber.gif 304  1.255 ms
GET 'Mon Jul 01 2019 16:31:09 GMT-0300 (-03)' anônimo anônimo '{}' /api/indicador/MOR4310/resultset?tipo=BR&formato=JSON 200 834 308.485 ms
GET 'Mon Jul 01 2019 16:39:13 GMT-0300 (-03)' anônimo anônimo '{}' /docs/ 304  7.166 ms
GET 'Mon Jul 01 2019 16:39:13 GMT-0300 (-03)' anônimo anônimo '{}' /docs/css/typography.css 304  4.034 ms
GET 'Mon Jul 01 2019 16:39:13 GMT-0300 (-03)' anônimo anônimo '{}' /docs/css/reset.css 304  3.310 ms
GET 'Mon Jul 01 2019 16:39:13 GMT-0300 (-03)' anônimo anônimo '{}' /docs/css/screen.css 304  1.286 ms
GET 'Mon Jul 01 2019 16:39:13 GMT-0300 (-03)' anônimo anônimo '{}' /docs/lib/jquery-1.8.0.min.js 304  1.462 ms
GET 'Mon Jul 01 2019 16:39:13 GMT-0300 (-03)' anônimo anônimo '{}' /docs/lib/jquery.slideto.min.js 304  1.238 ms
GET 'Mon Jul 01 2019 16:39:13 GMT-0300 (-03)' anônimo anônimo '{}' /docs/lib/jquery.ba-bbq.min.js 304  1.240 ms
GET 'Mon Jul 01 2019 16:39:13 GMT-0300 (-03)' anônimo anônimo '{}' /docs/lib/jquery.wiggle.min.js 304  1.121 ms
GET 'Mon Jul 01 2019 16:39:13 GMT-0300 (-03)' anônimo anônimo '{}' /docs/lib/handlebars-2.0.0.js 304  1.345 ms
GET 'Mon Jul 01 2019 16:39:13 GMT-0300 (-03)' anônimo anônimo '{}' /docs/lib/js-yaml.min.js 304  1.116 ms
GET 'Mon Jul 01 2019 16:39:13 GMT-0300 (-03)' anônimo anônimo '{}' /docs/lib/lodash.min.js 304  0.684 ms
GET 'Mon Jul 01 2019 16:39:13 GMT-0300 (-03)' anônimo anônimo '{}' /docs/lib/backbone-min.js 304  0.609 ms
GET 'Mon Jul 01 2019 16:39:13 GMT-0300 (-03)' anônimo anônimo '{}' /docs/swagger-ui.js 304  0.569 ms
GET 'Mon Jul 01 2019 16:39:13 GMT-0300 (-03)' anônimo anônimo '{}' /docs/lib/highlight.7.3.pack.js 304  1.466 ms
GET 'Mon Jul 01 2019 16:39:13 GMT-0300 (-03)' anônimo anônimo '{}' /docs/lib/jsoneditor.min.js 304  1.570 ms
GET 'Mon Jul 01 2019 16:39:13 GMT-0300 (-03)' anônimo anônimo '{}' /docs/lib/marked.js 304  1.237 ms
GET 'Mon Jul 01 2019 16:39:13 GMT-0300 (-03)' anônimo anônimo '{}' /docs/lib/swagger-oauth.js 304  1.054 ms
GET 'Mon Jul 01 2019 16:39:13 GMT-0300 (-03)' anônimo anônimo '{}' /docs/css/print.css 304  1.154 ms
GET 'Mon Jul 01 2019 16:39:14 GMT-0300 (-03)' anônimo anônimo '{}' /docs/images/logo_small.png 304  0.494 ms
HEAD 'Mon Jul 01 2019 16:39:14 GMT-0300 (-03)' anônimo anônimo '{}' /docs/ 304  0.706 ms
GET 'Mon Jul 01 2019 16:39:14 GMT-0300 (-03)' anônimo anônimo '{}' /docs/fonts/DroidSans-Bold.ttf 304  1.582 ms
GET 'Mon Jul 01 2019 16:39:14 GMT-0300 (-03)' anônimo anônimo '{}' /docs/fonts/DroidSans.ttf 304  1.565 ms
GET 'Mon Jul 01 2019 16:39:14 GMT-0300 (-03)' anônimo anônimo '{}' /api-docs 200  0.568 ms
GET 'Mon Jul 01 2019 16:39:15 GMT-0300 (-03)' anônimo anônimo '{}' /docs/images/favicon-32x32.png 200 1654 3.621 ms
GET 'Mon Jul 01 2019 16:39:17 GMT-0300 (-03)' anônimo anônimo '{}' /docs/images/throbber.gif 304  0.553 ms
GET 'Mon Jul 01 2019 16:39:33 GMT-0300 (-03)' anônimo anônimo '{}' /api/indicador/MOR4310/resultset?tipo=BR&formato=JSON 304  292.428 ms
GET 'Mon Jul 01 2019 16:39:55 GMT-0300 (-03)' anônimo anônimo '{}' /api/indicador/MOR4310/resultset?tipo=BR&formato=JSON 304  202.724 ms
GET 'Mon Jul 01 2019 16:45:45 GMT-0300 (-03)' anônimo anônimo '{}' /api/indicador/MOR4310/resultset?tipo=BR&formato=JSON 304  304.977 ms
GET 'Mon Jul 01 2019 16:45:55 GMT-0300 (-03)' anônimo anônimo '{}' /api/indicador/MOR4310/resultset?tipo=BR&formato=CSV 500 542 179.430 ms
GET 'Mon Jul 01 2019 16:45:59 GMT-0300 (-03)' anônimo anônimo '{}' /api/indicador/MOR4310/resultset?tipo=BR&formato=CSV 500 542 161.226 ms
GET 'Mon Jul 01 2019 16:46:00 GMT-0300 (-03)' anônimo anônimo '{}' /api/indicador/MOR4310/resultset?tipo=BR&formato=CSV 500 542 169.394 ms
GET 'Mon Jul 01 2019 16:46:03 GMT-0300 (-03)' anônimo anônimo '{}' /api/indicador/MOR4310/resultset?tipo=BR&formato=CSV 500 542 157.189 ms
GET 'Mon Jul 01 2019 16:46:09 GMT-0300 (-03)' anônimo anônimo '{}' /api/indicador/MOR4310/resultset?tipo=BR&formato=CSV 500 542 167.608 ms
GET 'Mon Jul 01 2019 16:46:23 GMT-0300 (-03)' anônimo anônimo '{}' /docs/ 304  12.714 ms
GET 'Mon Jul 01 2019 16:46:23 GMT-0300 (-03)' anônimo anônimo '{}' /docs/css/typography.css 304  39.008 ms
GET 'Mon Jul 01 2019 16:46:23 GMT-0300 (-03)' anônimo anônimo '{}' /docs/css/reset.css 304  12.386 ms
GET 'Mon Jul 01 2019 16:46:23 GMT-0300 (-03)' anônimo anônimo '{}' /docs/lib/jquery.ba-bbq.min.js 304  2.784 ms
GET 'Mon Jul 01 2019 16:46:23 GMT-0300 (-03)' anônimo anônimo '{}' /docs/lib/handlebars-2.0.0.js 304  5.500 ms
GET 'Mon Jul 01 2019 16:46:23 GMT-0300 (-03)' anônimo anônimo '{}' /docs/css/screen.css 304  10.785 ms
GET 'Mon Jul 01 2019 16:46:23 GMT-0300 (-03)' anônimo anônimo '{}' /docs/lib/jquery-1.8.0.min.js 304  3.572 ms
GET 'Mon Jul 01 2019 16:46:23 GMT-0300 (-03)' anônimo anônimo '{}' /docs/lib/js-yaml.min.js 304  3.623 ms
GET 'Mon Jul 01 2019 16:46:23 GMT-0300 (-03)' anônimo anônimo '{}' /docs/lib/lodash.min.js 304  5.095 ms
GET 'Mon Jul 01 2019 16:46:23 GMT-0300 (-03)' anônimo anônimo '{}' /docs/lib/backbone-min.js 304  6.872 ms
GET 'Mon Jul 01 2019 16:46:23 GMT-0300 (-03)' anônimo anônimo '{}' /docs/lib/jquery.slideto.min.js 304  5.903 ms
GET 'Mon Jul 01 2019 16:46:23 GMT-0300 (-03)' anônimo anônimo '{}' /docs/swagger-ui.js 304  2.410 ms
GET 'Mon Jul 01 2019 16:46:23 GMT-0300 (-03)' anônimo anônimo '{}' /docs/lib/jquery.wiggle.min.js 304  2.875 ms
GET 'Mon Jul 01 2019 16:46:23 GMT-0300 (-03)' anônimo anônimo '{}' /docs/lib/highlight.7.3.pack.js 304  3.477 ms
GET 'Mon Jul 01 2019 16:46:23 GMT-0300 (-03)' anônimo anônimo '{}' /docs/lib/jsoneditor.min.js 304  2.360 ms
GET 'Mon Jul 01 2019 16:46:23 GMT-0300 (-03)' anônimo anônimo '{}' /docs/lib/marked.js 304  1.820 ms
GET 'Mon Jul 01 2019 16:46:23 GMT-0300 (-03)' anônimo anônimo '{}' /docs/lib/swagger-oauth.js 304  1.861 ms
GET 'Mon Jul 01 2019 16:46:23 GMT-0300 (-03)' anônimo anônimo '{}' /docs/css/print.css 304  0.685 ms
GET 'Mon Jul 01 2019 16:46:23 GMT-0300 (-03)' anônimo anônimo '{}' /docs/images/logo_small.png 304  0.633 ms
GET 'Mon Jul 01 2019 16:46:23 GMT-0300 (-03)' anônimo anônimo '{}' /docs/fonts/DroidSans.ttf 304  0.424 ms
HEAD 'Mon Jul 01 2019 16:46:23 GMT-0300 (-03)' anônimo anônimo '{}' /docs/ 304  0.630 ms
GET 'Mon Jul 01 2019 16:46:23 GMT-0300 (-03)' anônimo anônimo '{}' /docs/fonts/DroidSans-Bold.ttf 304  0.826 ms
GET 'Mon Jul 01 2019 16:46:23 GMT-0300 (-03)' anônimo anônimo '{}' /api-docs 200  0.685 ms
GET 'Mon Jul 01 2019 16:46:24 GMT-0300 (-03)' anônimo anônimo '{}' /docs/images/favicon-32x32.png 200 1654 4.182 ms
GET 'Mon Jul 01 2019 16:46:24 GMT-0300 (-03)' anônimo anônimo '{}' /docs/images/throbber.gif 304  0.381 ms
GET 'Mon Jul 01 2019 16:46:39 GMT-0300 (-03)' anônimo anônimo '{}' /api/indicador/MOR4310/resultset?tipo=BR&formato=CSV 500 542 282.740 ms
GET 'Mon Jul 01 2019 16:46:44 GMT-0300 (-03)' anônimo anônimo '{}' /api/indicador/MOR4310/resultset?tipo=BR&formato=CSV 500 542 164.284 ms
GET 'Mon Jul 01 2019 16:46:44 GMT-0300 (-03)' anônimo anônimo '{}' /api/indicador/MOR4310/resultset?tipo=BR&formato=CSV 500 542 116.886 ms
GET 'Mon Jul 01 2019 16:47:02 GMT-0300 (-03)' anônimo anônimo '{}' /api/indicador/MOR4310/resultset?tipo=BR&formato=CSV 500 542 194.217 ms
GET 'Mon Jul 01 2019 16:47:43 GMT-0300 (-03)' anônimo anônimo '{}' /api/indicador/MOR4310/resultset?tipo=BR&formato=CSV 500 542 302.452 ms
GET 'Mon Jul 01 2019 16:47:47 GMT-0300 (-03)' anônimo anônimo '{}' /docs/ 304  3.025 ms
GET 'Mon Jul 01 2019 16:47:47 GMT-0300 (-03)' anônimo anônimo '{}' /docs/css/typography.css 304  2.540 ms
GET 'Mon Jul 01 2019 16:47:47 GMT-0300 (-03)' anônimo anônimo '{}' /docs/css/reset.css 304  4.316 ms
GET 'Mon Jul 01 2019 16:47:47 GMT-0300 (-03)' anônimo anônimo '{}' /docs/css/screen.css 304  1.593 ms
GET 'Mon Jul 01 2019 16:47:47 GMT-0300 (-03)' anônimo anônimo '{}' /docs/lib/jquery-1.8.0.min.js 304  8.870 ms
GET 'Mon Jul 01 2019 16:47:47 GMT-0300 (-03)' anônimo anônimo '{}' /docs/lib/jquery.slideto.min.js 304  4.795 ms
GET 'Mon Jul 01 2019 16:47:47 GMT-0300 (-03)' anônimo anônimo '{}' /docs/lib/jquery.wiggle.min.js 304  3.630 ms
GET 'Mon Jul 01 2019 16:47:47 GMT-0300 (-03)' anônimo anônimo '{}' /docs/lib/jquery.ba-bbq.min.js 304  3.651 ms
GET 'Mon Jul 01 2019 16:47:47 GMT-0300 (-03)' anônimo anônimo '{}' /docs/lib/handlebars-2.0.0.js 304  2.320 ms
GET 'Mon Jul 01 2019 16:47:47 GMT-0300 (-03)' anônimo anônimo '{}' /docs/lib/js-yaml.min.js 304  2.578 ms
GET 'Mon Jul 01 2019 16:47:47 GMT-0300 (-03)' anônimo anônimo '{}' /docs/lib/lodash.min.js 304  8.300 ms
GET 'Mon Jul 01 2019 16:47:47 GMT-0300 (-03)' anônimo anônimo '{}' /docs/lib/backbone-min.js 304  7.792 ms
GET 'Mon Jul 01 2019 16:47:47 GMT-0300 (-03)' anônimo anônimo '{}' /docs/swagger-ui.js 304  7.748 ms
GET 'Mon Jul 01 2019 16:47:47 GMT-0300 (-03)' anônimo anônimo '{}' /docs/lib/highlight.7.3.pack.js 304  7.835 ms
GET 'Mon Jul 01 2019 16:47:47 GMT-0300 (-03)' anônimo anônimo '{}' /docs/lib/jsoneditor.min.js 304  7.092 ms
GET 'Mon Jul 01 2019 16:47:47 GMT-0300 (-03)' anônimo anônimo '{}' /docs/lib/marked.js 304  5.796 ms
GET 'Mon Jul 01 2019 16:47:47 GMT-0300 (-03)' anônimo anônimo '{}' /docs/lib/swagger-oauth.js 304  2.675 ms
GET 'Mon Jul 01 2019 16:47:47 GMT-0300 (-03)' anônimo anônimo '{}' /docs/css/print.css 304  0.702 ms
GET 'Mon Jul 01 2019 16:47:48 GMT-0300 (-03)' anônimo anônimo '{}' /docs/images/logo_small.png 304  0.567 ms
GET 'Mon Jul 01 2019 16:47:48 GMT-0300 (-03)' anônimo anônimo '{}' /docs/fonts/DroidSans.ttf 304  0.703 ms
HEAD 'Mon Jul 01 2019 16:47:48 GMT-0300 (-03)' anônimo anônimo '{}' /docs/ 304  1.085 ms
GET 'Mon Jul 01 2019 16:47:48 GMT-0300 (-03)' anônimo anônimo '{}' /docs/fonts/DroidSans-Bold.ttf 304  0.680 ms
GET 'Mon Jul 01 2019 16:47:48 GMT-0300 (-03)' anônimo anônimo '{}' /api-docs 200  0.364 ms
GET 'Mon Jul 01 2019 16:47:49 GMT-0300 (-03)' anônimo anônimo '{}' /docs/images/favicon-32x32.png 200 1654 3.451 ms
GET 'Mon Jul 01 2019 16:47:49 GMT-0300 (-03)' anônimo anônimo '{}' /docs/images/throbber.gif 304  0.392 ms
GET 'Mon Jul 01 2019 16:48:02 GMT-0300 (-03)' anônimo anônimo '{}' /api/indicador/MOR4310/resultset?tipo=BR&formato=CSV 500 542 196.660 ms
GET 'Mon Jul 01 2019 16:48:08 GMT-0300 (-03)' anônimo anônimo '{}' /api/indicador/MOR4310/resultset?tipo=BR&formato=CSV 500 542 177.468 ms
GET 'Mon Jul 01 2019 16:48:09 GMT-0300 (-03)' anônimo anônimo '{}' /api/indicador/MOR4310/resultset?tipo=BR&formato=CSV 500 542 139.039 ms
GET 'Mon Jul 01 2019 16:48:32 GMT-0300 (-03)' anônimo anônimo '{}' /api/indicador/MOR4310/resultset?tipo=BR&formato=CSV 500 542 308.301 ms
GET 'Mon Jul 01 2019 16:48:34 GMT-0300 (-03)' anônimo anônimo '{}' /docs/ 200 5332 8.106 ms
GET 'Mon Jul 01 2019 16:48:34 GMT-0300 (-03)' anônimo anônimo '{}' /docs/css/reset.css 200 1066 6.485 ms
GET 'Mon Jul 01 2019 16:48:34 GMT-0300 (-03)' anônimo anônimo '{}' /docs/css/typography.css 200 450 9.547 ms
GET 'Mon Jul 01 2019 16:48:34 GMT-0300 (-03)' anônimo anônimo '{}' /docs/css/screen.css 200 44773 15.348 ms
GET 'Mon Jul 01 2019 16:48:34 GMT-0300 (-03)' anônimo anônimo '{}' /docs/lib/handlebars-2.0.0.js 200 48517 9.155 ms
GET 'Mon Jul 01 2019 16:48:34 GMT-0300 (-03)' anônimo anônimo '{}' /docs/lib/jquery.ba-bbq.min.js 200 4119 12.201 ms
GET 'Mon Jul 01 2019 16:48:34 GMT-0300 (-03)' anônimo anônimo '{}' /docs/lib/jquery.slideto.min.js 200 369 9.957 ms
GET 'Mon Jul 01 2019 16:48:34 GMT-0300 (-03)' anônimo anônimo '{}' /docs/lib/jquery.wiggle.min.js 200 762 8.138 ms
GET 'Mon Jul 01 2019 16:48:34 GMT-0300 (-03)' anônimo anônimo '{}' /docs/lib/js-yaml.min.js 200 43621 7.920 ms
GET 'Mon Jul 01 2019 16:48:34 GMT-0300 (-03)' anônimo anônimo '{}' /docs/lib/jquery-1.8.0.min.js 200 92555 11.781 ms
GET 'Mon Jul 01 2019 16:48:34 GMT-0300 (-03)' anônimo anônimo '{}' /docs/lib/lodash.min.js 200 52646 4.606 ms
GET 'Mon Jul 01 2019 16:48:34 GMT-0300 (-03)' anônimo anônimo '{}' /docs/lib/highlight.7.3.pack.js 200 7499 5.492 ms
GET 'Mon Jul 01 2019 16:48:34 GMT-0300 (-03)' anônimo anônimo '{}' /docs/lib/backbone-min.js 200 20390 8.854 ms
GET 'Mon Jul 01 2019 16:48:34 GMT-0300 (-03)' anônimo anônimo '{}' /docs/lib/swagger-oauth.js 200 11185 4.173 ms
GET 'Mon Jul 01 2019 16:48:34 GMT-0300 (-03)' anônimo anônimo '{}' /docs/lib/marked.js 200 28156 5.979 ms
GET 'Mon Jul 01 2019 16:48:34 GMT-0300 (-03)' anônimo anônimo '{}' /docs/lib/jsoneditor.min.js 200 130042 9.641 ms
GET 'Mon Jul 01 2019 16:48:34 GMT-0300 (-03)' anônimo anônimo '{}' /docs/css/print.css 200 42587 6.553 ms
GET 'Mon Jul 01 2019 16:48:34 GMT-0300 (-03)' anônimo anônimo '{}' /docs/swagger-ui.js 200 2268334 4.679 ms
GET 'Mon Jul 01 2019 16:48:34 GMT-0300 (-03)' anônimo anônimo '{}' /docs/images/logo_small.png 200 770 3.575 ms
GET 'Mon Jul 01 2019 16:48:34 GMT-0300 (-03)' anônimo anônimo '{}' /docs/fonts/DroidSans-Bold.ttf 200 42477 2.326 ms
GET 'Mon Jul 01 2019 16:48:34 GMT-0300 (-03)' anônimo anônimo '{}' /docs/fonts/DroidSans.ttf 200 190776 2.442 ms
HEAD 'Mon Jul 01 2019 16:48:34 GMT-0300 (-03)' anônimo anônimo '{}' /docs/ 200 5332 0.509 ms
GET 'Mon Jul 01 2019 16:48:34 GMT-0300 (-03)' anônimo anônimo '{}' /api-docs 200  0.330 ms
GET 'Mon Jul 01 2019 16:48:35 GMT-0300 (-03)' anônimo anônimo '{}' /docs/images/favicon-32x32.png 200 1654 1.699 ms
GET 'Mon Jul 01 2019 16:48:35 GMT-0300 (-03)' anônimo anônimo '{}' /docs/images/throbber.gif 304  1.160 ms
GET 'Mon Jul 01 2019 16:48:54 GMT-0300 (-03)' anônimo anônimo '{}' /api/indicador/MOR4310/resultset?tipo=BR&formato=CSV 500 542 196.423 ms
GET 'Mon Jul 01 2019 16:49:40 GMT-0300 (-03)' anônimo anônimo '{}' /docs/ 200 5332 19.102 ms
GET 'Mon Jul 01 2019 16:49:40 GMT-0300 (-03)' anônimo anônimo '{}' /docs/css/typography.css 200 450 7.410 ms
GET 'Mon Jul 01 2019 16:49:40 GMT-0300 (-03)' anônimo anônimo '{}' /docs/css/reset.css 200 1066 5.284 ms
GET 'Mon Jul 01 2019 16:49:40 GMT-0300 (-03)' anônimo anônimo '{}' /docs/css/screen.css 200 44773 12.412 ms
GET 'Mon Jul 01 2019 16:49:40 GMT-0300 (-03)' anônimo anônimo '{}' /docs/lib/jquery-1.8.0.min.js 200 92555 6.282 ms
GET 'Mon Jul 01 2019 16:49:40 GMT-0300 (-03)' anônimo anônimo '{}' /docs/lib/jquery.slideto.min.js 200 369 2.384 ms
GET 'Mon Jul 01 2019 16:49:40 GMT-0300 (-03)' anônimo anônimo '{}' /docs/lib/jquery.wiggle.min.js 200 762 2.647 ms
GET 'Mon Jul 01 2019 16:49:40 GMT-0300 (-03)' anônimo anônimo '{}' /docs/lib/jquery.ba-bbq.min.js 200 4119 3.304 ms
GET 'Mon Jul 01 2019 16:49:40 GMT-0300 (-03)' anônimo anônimo '{}' /docs/lib/handlebars-2.0.0.js 200 48517 3.842 ms
GET 'Mon Jul 01 2019 16:49:40 GMT-0300 (-03)' anônimo anônimo '{}' /docs/lib/js-yaml.min.js 200 43621 3.668 ms
GET 'Mon Jul 01 2019 16:49:40 GMT-0300 (-03)' anônimo anônimo '{}' /docs/lib/lodash.min.js 200 52646 2.918 ms
GET 'Mon Jul 01 2019 16:49:40 GMT-0300 (-03)' anônimo anônimo '{}' /docs/lib/backbone-min.js 200 20390 9.165 ms
GET 'Mon Jul 01 2019 16:49:40 GMT-0300 (-03)' anônimo anônimo '{}' /docs/lib/highlight.7.3.pack.js 200 7499 8.891 ms
GET 'Mon Jul 01 2019 16:49:40 GMT-0300 (-03)' anônimo anônimo '{}' /docs/lib/marked.js 200 28156 5.368 ms
GET 'Mon Jul 01 2019 16:49:40 GMT-0300 (-03)' anônimo anônimo '{}' /docs/lib/jsoneditor.min.js 200 130042 8.659 ms
GET 'Mon Jul 01 2019 16:49:40 GMT-0300 (-03)' anônimo anônimo '{}' /docs/lib/swagger-oauth.js 200 11185 5.520 ms
GET 'Mon Jul 01 2019 16:49:40 GMT-0300 (-03)' anônimo anônimo '{}' /docs/css/print.css 200 42587 4.303 ms
GET 'Mon Jul 01 2019 16:49:40 GMT-0300 (-03)' anônimo anônimo '{}' /docs/swagger-ui.js 200 2268334 9.444 ms
GET 'Mon Jul 01 2019 16:49:41 GMT-0300 (-03)' anônimo anônimo '{}' /docs/images/logo_small.png 200 770 2.949 ms
GET 'Mon Jul 01 2019 16:49:41 GMT-0300 (-03)' anônimo anônimo '{}' /docs/fonts/DroidSans-Bold.ttf 200 42477 3.238 ms
GET 'Mon Jul 01 2019 16:49:41 GMT-0300 (-03)' anônimo anônimo '{}' /docs/fonts/DroidSans.ttf 200 190776 3.440 ms
HEAD 'Mon Jul 01 2019 16:49:41 GMT-0300 (-03)' anônimo anônimo '{}' /docs/ 200 5332 0.852 ms
GET 'Mon Jul 01 2019 16:49:41 GMT-0300 (-03)' anônimo anônimo '{}' /api-docs 200  0.445 ms
GET 'Mon Jul 01 2019 16:49:42 GMT-0300 (-03)' anônimo anônimo '{}' /docs/images/favicon-32x32.png 200 1654 1.218 ms
GET 'Mon Jul 01 2019 16:49:42 GMT-0300 (-03)' anônimo anônimo '{}' /docs/images/throbber.gif 304  1.384 ms
GET 'Mon Jul 01 2019 16:49:55 GMT-0300 (-03)' anônimo anônimo '{}' /api/indicador/MOR4310/resultset?tipo=BR&formato=CSV 500 542 291.227 ms
GET 'Mon Jul 01 2019 16:50:16 GMT-0300 (-03)' anônimo anônimo '{}' /api/indicador/MOR4310/resultset?tipo=BR&formato=CSV 200 542 308.997 ms
GET 'Mon Jul 01 2019 16:50:26 GMT-0300 (-03)' anônimo anônimo '{}' /docs/ 304  6.503 ms
GET 'Mon Jul 01 2019 16:50:26 GMT-0300 (-03)' anônimo anônimo '{}' /docs/css/typography.css 304  5.622 ms
GET 'Mon Jul 01 2019 16:50:26 GMT-0300 (-03)' anônimo anônimo '{}' /docs/css/reset.css 304  4.545 ms
GET 'Mon Jul 01 2019 16:50:26 GMT-0300 (-03)' anônimo anônimo '{}' /docs/lib/jquery.slideto.min.js 304  1.719 ms
GET 'Mon Jul 01 2019 16:50:26 GMT-0300 (-03)' anônimo anônimo '{}' /docs/css/screen.css 304  1.548 ms
GET 'Mon Jul 01 2019 16:50:26 GMT-0300 (-03)' anônimo anônimo '{}' /docs/lib/jquery.wiggle.min.js 304  2.588 ms
GET 'Mon Jul 01 2019 16:50:26 GMT-0300 (-03)' anônimo anônimo '{}' /docs/lib/jquery-1.8.0.min.js 304  2.637 ms
GET 'Mon Jul 01 2019 16:50:26 GMT-0300 (-03)' anônimo anônimo '{}' /docs/lib/jquery.ba-bbq.min.js 304  1.460 ms
GET 'Mon Jul 01 2019 16:50:26 GMT-0300 (-03)' anônimo anônimo '{}' /docs/lib/handlebars-2.0.0.js 304  1.286 ms
GET 'Mon Jul 01 2019 16:50:26 GMT-0300 (-03)' anônimo anônimo '{}' /docs/lib/js-yaml.min.js 304  1.236 ms
GET 'Mon Jul 01 2019 16:50:26 GMT-0300 (-03)' anônimo anônimo '{}' /docs/lib/lodash.min.js 304  1.405 ms
GET 'Mon Jul 01 2019 16:50:26 GMT-0300 (-03)' anônimo anônimo '{}' /docs/lib/backbone-min.js 304  1.261 ms
GET 'Mon Jul 01 2019 16:50:26 GMT-0300 (-03)' anônimo anônimo '{}' /docs/swagger-ui.js 304  1.485 ms
GET 'Mon Jul 01 2019 16:50:26 GMT-0300 (-03)' anônimo anônimo '{}' /docs/lib/highlight.7.3.pack.js 304  1.202 ms
GET 'Mon Jul 01 2019 16:50:26 GMT-0300 (-03)' anônimo anônimo '{}' /docs/lib/jsoneditor.min.js 304  2.088 ms
GET 'Mon Jul 01 2019 16:50:26 GMT-0300 (-03)' anônimo anônimo '{}' /docs/lib/marked.js 304  2.014 ms
GET 'Mon Jul 01 2019 16:50:26 GMT-0300 (-03)' anônimo anônimo '{}' /docs/lib/swagger-oauth.js 304  1.680 ms
GET 'Mon Jul 01 2019 16:50:26 GMT-0300 (-03)' anônimo anônimo '{}' /docs/css/print.css 304  0.570 ms
GET 'Mon Jul 01 2019 16:50:26 GMT-0300 (-03)' anônimo anônimo '{}' /docs/images/logo_small.png 304  0.427 ms
HEAD 'Mon Jul 01 2019 16:50:27 GMT-0300 (-03)' anônimo anônimo '{}' /docs/ 304  0.805 ms
GET 'Mon Jul 01 2019 16:50:27 GMT-0300 (-03)' anônimo anônimo '{}' /docs/fonts/DroidSans-Bold.ttf 304  0.728 ms
GET 'Mon Jul 01 2019 16:50:27 GMT-0300 (-03)' anônimo anônimo '{}' /docs/fonts/DroidSans.ttf 304  0.758 ms
GET 'Mon Jul 01 2019 16:50:27 GMT-0300 (-03)' anônimo anônimo '{}' /api-docs 200  0.561 ms
GET 'Mon Jul 01 2019 16:50:28 GMT-0300 (-03)' anônimo anônimo '{}' /docs/images/throbber.gif 304  0.426 ms
GET 'Mon Jul 01 2019 16:50:28 GMT-0300 (-03)' anônimo anônimo '{}' /docs/images/favicon-32x32.png 200 1654 5.000 ms
GET 'Mon Jul 01 2019 16:50:43 GMT-0300 (-03)' anônimo anônimo '{}' /api/indicador/MOR4310/resultset?tipo=BR&formato=CSV 304  282.481 ms
GET 'Mon Jul 01 2019 16:50:57 GMT-0300 (-03)' anônimo anônimo '{}' /docs/ 304  8.479 ms
GET 'Mon Jul 01 2019 16:50:57 GMT-0300 (-03)' anônimo anônimo '{}' /docs/css/typography.css 304  3.874 ms
GET 'Mon Jul 01 2019 16:50:57 GMT-0300 (-03)' anônimo anônimo '{}' /docs/css/reset.css 304  3.631 ms
GET 'Mon Jul 01 2019 16:50:57 GMT-0300 (-03)' anônimo anônimo '{}' /docs/css/screen.css 304  8.150 ms
GET 'Mon Jul 01 2019 16:50:57 GMT-0300 (-03)' anônimo anônimo '{}' /docs/lib/jquery-1.8.0.min.js 304  7.836 ms
GET 'Mon Jul 01 2019 16:50:57 GMT-0300 (-03)' anônimo anônimo '{}' /docs/lib/jquery.slideto.min.js 304  1.823 ms
GET 'Mon Jul 01 2019 16:50:57 GMT-0300 (-03)' anônimo anônimo '{}' /docs/lib/jquery.wiggle.min.js 304  7.629 ms
GET 'Mon Jul 01 2019 16:50:57 GMT-0300 (-03)' anônimo anônimo '{}' /docs/lib/jquery.ba-bbq.min.js 304  7.465 ms
GET 'Mon Jul 01 2019 16:50:57 GMT-0300 (-03)' anônimo anônimo '{}' /docs/lib/handlebars-2.0.0.js 304  5.716 ms
GET 'Mon Jul 01 2019 16:50:57 GMT-0300 (-03)' anônimo anônimo '{}' /docs/lib/js-yaml.min.js 304  5.549 ms
GET 'Mon Jul 01 2019 16:50:57 GMT-0300 (-03)' anônimo anônimo '{}' /docs/lib/lodash.min.js 304  4.910 ms
GET 'Mon Jul 01 2019 16:50:57 GMT-0300 (-03)' anônimo anônimo '{}' /docs/lib/backbone-min.js 304  4.732 ms
GET 'Mon Jul 01 2019 16:50:57 GMT-0300 (-03)' anônimo anônimo '{}' /docs/swagger-ui.js 304  0.700 ms
GET 'Mon Jul 01 2019 16:50:57 GMT-0300 (-03)' anônimo anônimo '{}' /docs/lib/highlight.7.3.pack.js 304  5.039 ms
GET 'Mon Jul 01 2019 16:50:57 GMT-0300 (-03)' anônimo anônimo '{}' /docs/lib/jsoneditor.min.js 304  5.046 ms
GET 'Mon Jul 01 2019 16:50:57 GMT-0300 (-03)' anônimo anônimo '{}' /docs/lib/marked.js 304  4.621 ms
GET 'Mon Jul 01 2019 16:50:57 GMT-0300 (-03)' anônimo anônimo '{}' /docs/lib/swagger-oauth.js 304  3.923 ms
GET 'Mon Jul 01 2019 16:50:57 GMT-0300 (-03)' anônimo anônimo '{}' /docs/css/print.css 304  3.953 ms
GET 'Mon Jul 01 2019 16:50:57 GMT-0300 (-03)' anônimo anônimo '{}' /docs/images/logo_small.png 304  0.970 ms
GET 'Mon Jul 01 2019 16:50:57 GMT-0300 (-03)' anônimo anônimo '{}' /docs/fonts/DroidSans.ttf 304  2.121 ms
HEAD 'Mon Jul 01 2019 16:50:57 GMT-0300 (-03)' anônimo anônimo '{}' /docs/ 304  0.810 ms
GET 'Mon Jul 01 2019 16:50:57 GMT-0300 (-03)' anônimo anônimo '{}' /docs/fonts/DroidSans-Bold.ttf 304  1.225 ms
GET 'Mon Jul 01 2019 16:50:58 GMT-0300 (-03)' anônimo anônimo '{}' /api-docs 200  0.880 ms
GET 'Mon Jul 01 2019 16:50:59 GMT-0300 (-03)' anônimo anônimo '{}' /docs/images/favicon-32x32.png 200 1654 3.718 ms
GET 'Mon Jul 01 2019 16:50:59 GMT-0300 (-03)' anônimo anônimo '{}' /docs/images/throbber.gif 304  0.448 ms
GET 'Mon Jul 01 2019 16:51:10 GMT-0300 (-03)' anônimo anônimo '{}' /api/indicador/MOR4310/resultset?tipo=BR&formato=CSV 304  308.390 ms
GET 'Mon Jul 01 2019 16:51:46 GMT-0300 (-03)' anônimo anônimo '{}' /api/indicador/MOR4310/resultset?tipo=BR&formato=CSV 304  285.380 ms
GET 'Mon Jul 01 2019 16:51:47 GMT-0300 (-03)' anônimo anônimo '{}' /api/indicador/MOR4310/resultset?tipo=BR&formato=CSV 304  174.803 ms
GET 'Mon Jul 01 2019 16:51:48 GMT-0300 (-03)' anônimo anônimo '{}' /api/indicador/MOR4310/resultset?tipo=BR&formato=CSV 304  152.032 ms
GET 'Mon Jul 01 2019 16:51:49 GMT-0300 (-03)' anônimo anônimo '{}' /api/indicador/MOR4310/resultset?tipo=BR&formato=CSV 304  159.960 ms
GET 'Mon Jul 01 2019 16:53:23 GMT-0300 (-03)' anônimo anônimo '{}' /docs/ 304  7.217 ms
GET 'Mon Jul 01 2019 16:53:23 GMT-0300 (-03)' anônimo anônimo '{}' /docs/css/typography.css 304  4.787 ms
GET 'Mon Jul 01 2019 16:53:23 GMT-0300 (-03)' anônimo anônimo '{}' /docs/css/reset.css 304  3.906 ms
GET 'Mon Jul 01 2019 16:53:23 GMT-0300 (-03)' anônimo anônimo '{}' /docs/css/screen.css 304  0.704 ms
GET 'Mon Jul 01 2019 16:53:23 GMT-0300 (-03)' anônimo anônimo '{}' /docs/lib/jquery-1.8.0.min.js 304  8.253 ms
GET 'Mon Jul 01 2019 16:53:23 GMT-0300 (-03)' anônimo anônimo '{}' /docs/lib/jquery.slideto.min.js 304  6.105 ms
GET 'Mon Jul 01 2019 16:53:23 GMT-0300 (-03)' anônimo anônimo '{}' /docs/lib/jquery.wiggle.min.js 304  4.773 ms
GET 'Mon Jul 01 2019 16:53:23 GMT-0300 (-03)' anônimo anônimo '{}' /docs/lib/jquery.ba-bbq.min.js 304  4.287 ms
GET 'Mon Jul 01 2019 16:53:23 GMT-0300 (-03)' anônimo anônimo '{}' /docs/lib/handlebars-2.0.0.js 304  3.100 ms
GET 'Mon Jul 01 2019 16:53:23 GMT-0300 (-03)' anônimo anônimo '{}' /docs/lib/js-yaml.min.js 304  3.235 ms
GET 'Mon Jul 01 2019 16:53:23 GMT-0300 (-03)' anônimo anônimo '{}' /docs/lib/lodash.min.js 304  3.311 ms
GET 'Mon Jul 01 2019 16:53:23 GMT-0300 (-03)' anônimo anônimo '{}' /docs/lib/backbone-min.js 304  2.910 ms
GET 'Mon Jul 01 2019 16:53:23 GMT-0300 (-03)' anônimo anônimo '{}' /docs/lib/jsoneditor.min.js 304  0.663 ms
GET 'Mon Jul 01 2019 16:53:23 GMT-0300 (-03)' anônimo anônimo '{}' /docs/lib/marked.js 304  3.328 ms
GET 'Mon Jul 01 2019 16:53:23 GMT-0300 (-03)' anônimo anônimo '{}' /docs/lib/swagger-oauth.js 304  3.787 ms
GET 'Mon Jul 01 2019 16:53:23 GMT-0300 (-03)' anônimo anônimo '{}' /docs/swagger-ui.js 304  3.114 ms
GET 'Mon Jul 01 2019 16:53:23 GMT-0300 (-03)' anônimo anônimo '{}' /docs/lib/highlight.7.3.pack.js 304  0.887 ms
GET 'Mon Jul 01 2019 16:53:23 GMT-0300 (-03)' anônimo anônimo '{}' /docs/css/print.css 304  1.401 ms
GET 'Mon Jul 01 2019 16:53:23 GMT-0300 (-03)' anônimo anônimo '{}' /docs/images/logo_small.png 304  1.215 ms
GET 'Mon Jul 01 2019 16:53:23 GMT-0300 (-03)' anônimo anônimo '{}' /docs/fonts/DroidSans.ttf 304  0.474 ms
HEAD 'Mon Jul 01 2019 16:53:23 GMT-0300 (-03)' anônimo anônimo '{}' /docs/ 304  0.854 ms
GET 'Mon Jul 01 2019 16:53:23 GMT-0300 (-03)' anônimo anônimo '{}' /docs/fonts/DroidSans-Bold.ttf 304  1.117 ms
GET 'Mon Jul 01 2019 16:53:23 GMT-0300 (-03)' anônimo anônimo '{}' /api-docs 200  0.531 ms
GET 'Mon Jul 01 2019 16:53:24 GMT-0300 (-03)' anônimo anônimo '{}' /docs/images/favicon-32x32.png 200 1654 5.767 ms
GET 'Mon Jul 01 2019 16:53:24 GMT-0300 (-03)' anônimo anônimo '{}' /docs/images/throbber.gif 304  0.370 ms
GET 'Mon Jul 01 2019 16:53:39 GMT-0300 (-03)' anônimo anônimo '{}' /api/indicador/MOR4310/resultset?tipo=BR&formato=CSV 304  282.030 ms
GET 'Mon Jul 01 2019 16:53:48 GMT-0300 (-03)' anônimo anônimo '{}' /api/indicador/MOR4310/resultset?tipo=BR&formato=JSON 304  171.660 ms
GET 'Mon Jul 01 2019 16:53:55 GMT-0300 (-03)' anônimo anônimo '{}' /api/indicador/MOR4310/resultset?tipo=BR&formato=JSON 304  167.267 ms
GET 'Mon Jul 01 2019 16:54:28 GMT-0300 (-03)' anônimo anônimo '{}' /api/indicador/MOR4310/resultset?tipo=BR&formato=CSV 304  215.158 ms
GET 'Mon Jul 01 2019 16:54:32 GMT-0300 (-03)' anônimo anônimo '{}' /api/indicador/MOR4310/resultset?tipo=BR&formato=CSV 304  162.803 ms
